[    0.000000] Initializing cgroup subsys cpuset
[    0.000000] Initializing cgroup subsys cpu
[    0.000000] Initializing cgroup subsys cpuacct
[    0.000000] Linux version 4.4.0-186-generic (buildd@lcy01-amd64-002) (gcc version 5.4.0 20160609 (Ubuntu 5.4.0-6ubuntu1~16.04.12) ) #216-Ubuntu SMP ed1 05:34:05 UTC 2020 (Ubuntu 4.4.0-186.216-generic 4.4.228)
[    0.000000] Command line: BOOT_IMAGE=/boot/vmlinuz-4.4.0-186-generic root=LABEL=cloudimg-rootfs ro console=tty1 console=ttyS0
[    0.000000] KERNEL supported cpus:
[    0.000000]   Intel GenuineIntel
[    0.000000]   AMD AuthenticAMD
[    0.0000]   Centaur CentaurHauls
[    0.000000] [Firmware Bug]: TSC doesn't count with P0 frequency!
[    0.000000] x86/fpu: xstate_offset[2]:  576, xstate_sizes[2]:  256
[    0.000000] x86/fpu: Supporting XSAVE feature 0x01: 'x87 floating point registers'
[    0.000000] x86/fpu: Supporting XSAVE feature 0x02: 'SSE registers'
[    0.000000] x86/fpu: Supporting XSAVE feature 0x04: 'AVX registers'
[    0.000000] x86/fpu: Enabled xstate features 0x7, context size is 832 bytes, using 'standard' format.
[    0.000000] e820: BIOS-provided physical RAM map:
[    0.000000] BIOS-e820: [mem 0x0000000000000000-0x000000000009fbff] usable
[    0.000000] BIOS-e820: [mem 0x000000000009fc00-0x000000000009ffff] reserved
[    0.000000] BIOS-e820: [mem 0x00000000000f0000-0x00000000000fffff] reserved
[    0.000000] BIOS-e820: [mem 0x0000000000100000-0x000000003ffeffff] usable
[    0.000000] BIOS-e820: [mem 0x000000003fff0000-0x000000003fffffff] ACPI data
[    0.000000] BIOS-e820: [mem 0x00000000fec00000-0x00000000fec00fff] reserved
[    0.000000] BIOS-e820: [mem 0x00000000fee00000-0x00000000fee00fff] reserved
[    0.000000] BIOS-e820: [mem 0x00000000fffc0000-0x00000000ffffffff] reserved
[    0.000000] NX (Execute Disable) protection: active
[    0.000000] SMBIOS 2.5 present.
[    0.000000] Hypervisor detected: KVM
[    0.000000] Kernel/User page tables isolation: disabled
[    0.000000] e820: last_pfn = 0x3fff0 max_arch_pfn = 0x400000000
[    0.000000] MTRR: Disabled
[    0.000000] x86/PAT: MTRRs disabled, skipping PAT initialization too.
[    0.000000] CPU MTRRs all blank - virtualized system.
[    0.000000] x86/PAT: Configuration [0-7]: WB  WT  UC- UC  WB  WT  UC- UC  
[    0.000000] found SMP MP-table at [mem 0x0009fff0-0x0009ffff] mapped at [ffff88000009fff0]
[    0.000000] Scanning 1 areas for low memory corruption
[    0.000000] RAMDISK: [mem 0x362e0000-0x37167fff]
[    0.000000] ACPI: Early table checksum verification disabled
[    0.000000] ACPI: RSDP 0x00000000000E0000 000024 (v02 VBOX  )
[    0.000000] ACPI: XSDT 0x000000003FFF0030 00003C (v01 VBOX   VBOXXSDT 00000001 ASL  00000061)
[    0.000000] ACPI: FACP 0x000000003FFF00F0 0000F4 (v04 VBOX   VBOXFACP 00000001 ASL  00000061)
[    0.000000] ACPI: DSDT 0x000000003FFF0470 002325 (v02 VBOX   VBOXBIOS 00000002 INTL 20100528)
[    0.000000] ACPI: FACS 0x000000003FFF0200 000040
[    0.000000] ACPI: FACS 0x000000003FFF0200 000040
[    0.000000] ACPI: APIC 0x000000003FFF0240 00005C (v02 VBOX   VBOXAPIC 00000001 ASL  00000061)
[    0.000000] ACPI: SSDT 0x000000003FFF02A0 0001CC (v01 VBOX   VBOXCPUT 00000002 INTL 20100528)
[    0.000000] No NUMA configuration found
[    0.000000] Faking a node at [mem 0x0000000000000000-0x000000003ffeffff]
[    0.000000] NODE_DATA(0) allocated [mem 0x3ffeb000-0x3ffeffff]
[    0.000000] kvm-clock: Using msrs 4b564d01 and 4b564d00
[    0.000000] kvm-clock: cpu 0, msr 0:3ffe3001, primary cpu clock
[    0.000000] kvm-clock: using sched offset of 3984547217 cycles
[    0.000000] clocksource: kvm-clock: mask 0xffffffffffffffff max_cycles: 0x1cd42e4dffb, max_idle_ns: 881590591483 ns
[    0.000000] Zone ranges:
[    0.000000]   DMA      [mem 0x0000000000001000-0x000000000ffffff]
[    0.000000]   DMA32    [mem 0x0000000001000000-0x000000003ffeffff]
[    0.000000]   Normal   empty
[    0.000000]   Device   empty
[    0.000000] Movable zone start for each node
[    0.000000] Early memory node ranges
[    0.000000]   node   0: [mem 0x0000000000001000-0x000000000009efff]
[    0.000000]   node   0: [mem 0x0000000000100000-0x000000003ffeffff]
[    0.000000] Initmem setup node 0 [mem 0x0000000000001000-0x000000003ffeffff]
[    0.000000] ACPI: PM-Timer IO Port: 0x4008
[    0.000000] IOAPIC[0]: apic_id 2, version 32, address 0xfec00000, GSI 0-23
[    0.000000] ACPI: INT_SRC_OVR (bus 0 bus_irq 0 global_irq 2 dfl dfl)
[    0.000000] ACPI: INT_SRC_OVR (bus 0 bus_irq 9 global_irq 9 low level)
[    0.000000] Using ACPI (MADT) for SMP configuration information
[    0.000000] smpboo, 0 hotplug CPUs
[    0.000000] PM: Registered nosave memory: [mem 0x00000000-0x00000fff]
[    0.000000] PM: Registered nosave memory: [mem 0x0009f000-0x0009ffff]
[    0.000000] PM: Registered nosave memory: [mem 0x000a0000-0x000effff]
[    0.000000] PM: Registered nosave memory: [mem 0x000f0000-0x000fffff]
[    0.000000] e820: [mem 0x40000000-0xfebfffff] available for PCI devices
[    0.000000] Booting paravirtualized kernel on KVM
[    0.000000] clocksource: refined-jiffies: mask: 0xffffffff max_cycles: 0xffffffff, max_idle_ns: 7645519600211568 ns
[    0.000000] setup_percpu: NR_CPUS:512 nr_cpumask_bits:512 nr_cpu_ids:2 nr_node_ids:1
[    0.000000] PERCPU: Embedded 33 pages/cpu @ffff88003fc00000 s95512 r8192 d31464 u1048576
[    0.000000] Built 1 zonelists in Node order, mobility grouping on.  Total pages: 257912
[    0.000000] Policy zone: DMA32
[    0.000000] Kernel command line: BOOT_IMAGE=/boot/vmlinuz-4.4.0-186-generic root=LABEL=cloudimg-rootfs ro console=tty1 console=ttyS0
[    0.000000] PID hash table entries: 4096 (order: 3, 32768 bytes)
[    0.000000] Memory: 997664K/1048120K available (8636K kernel code, 1337K rwdata, 4040K rodata, 1492K init, 1296K bss, 50456K reserved, 0K cma-reserved)
[    0.000000] SLUB: HWalign=64, Order=0-3, MinObjects=0, CPUs=2, Nodes=1
[    0.000000] Hierarchical RCU implementation.
[    0.000000] 	Build-time adjustment of leaf fanout to 64.
[    0.000000] 	RCU restricting CPUs from NR_CPUS=512 to nr_cpu_ids=2.
[    0.000000] RCU: Adjusting geometry for rcu_fanout_leaf=64, nr_cpu_ids=2
[    0.000000] NR_IRQS:33024 nr_irqs:440 16
[    0.000000] Console: colourVGA+ 80x25
[    0.000000] console [tty1] enabled
[    0.000000] console [ttyS0] enabled
[    0.000000] tsc: Detected 3599.998 MHz processor
[    3.145506] Calibrating delay loop (skipped) preset value.. 7199.99 BogoMIPS (lpj=14399992)
[    3.187951] pid_max: default: 32768 minimum: 301
[    3.207491] ACPI: Core revision 20150930
[    3.224133] ACPI: 2 ACPI AML tables successfully acquired and loaded
[    3.249154] Security Framework initialized
[    3.265464] Yama: becoming mindful.
[    3.279559] AppArmor: AppArmor initialized
[    3.296145] Dentry cache hash table entries: 131072 (order: 8, 1048576 bytes)
[    3.326124] Inode-cache hash table entries: 65536 (order: 7, 524288 bytes)
[    3.354672] Mount-cache hash table entries: 2048 (order: 2, 16384 bytes)
[    3.381296] Mountpoint-cache hash table entries: 2048 (order: 2, 16384 bytes)
[    3.410060] Initializing cgroup subsys io
[    3.426015] Initializing cgroup subsys memory
[    3.443624] Initializing cgroup subsys devices
[    3.461465] Initializing cgroup subsys freezer
[    3.479375] Initializing cgroup subsys net_cls
[    3.497562] Initializing cgroup subsys perf_event
[    3.516361] Initializing cgroup subsys net_prio
[    3.534502] Initializing cgroup subsys hugetlb
[    3.552155] Initializing cgroup subsys pids
[    3.575181] mce: CPU supports 0 MCE banks
[    3.591353] Last level iTLB entries: 4KB 1024, 2MB 1024, 4MB 512
[    3.615226] Last level dTLB entries: 4KB 1536, 2MB 1536, 4MB 768, 1GB 0
[    3.647921] Spectre V1 : Mitigation: usercopy/swapgs barriers and __user pointer sanitization
[    3.681738] Spectre V2 : Spectre mitigation: LFENCE not serializing, switching to generic retpoline
[    3.717823] Spectre V2 : Mitigation: Full generic retpoline
[    3.740416] Spectre V2 : Spectre v2 / SpectreRSB mitigation: Filling RSB on context switch
[    3.773544] Speculative Store Bypass: Mitigation: Speculative Store Bypass disabled via prctl and seccomp
[    3.810083] Freeing SMP alternatives memory: 36K
[    3.831690] ftrace: allocating 32334 entries in 127 pages
[    3.904596] smpboot: APIC(0) Converting physical 0 to logical package 0
[    3.928687] smpboot: Max logical packages: 1
[    3.944111] x2apic enabled
[    3.954270] Switched APIC routing to physical x2apic.
[    3.973588] ..TIMER: vector=0x30 apic1=0 pin1=2 apic2=-1 pin2=-1
[    4.104931] smpboot: CPU0: AMD Ryzen 5 2600X Six-Core Processor (family: 0x17, model: 0x8, stepping: 0x2)
[    4.145216] Performance Events: Broken PMU hardware detected, using software events only.
[    4.193410] Failed to access perfctr msr (MSR c0010007 is 0)
[    4.235470] KVM setup paravirtual spinlock
[    4.255556] x86: Booting SMP configuration:
[    4.275555] .... node  #0, CPUs:      #1
[    4.292737] kvm-clock: cpu 1, msr 0:3ffe3041, secondary cpu clock
[    4.328798] mce: CPU supports 0 MCE banks
[    4.346561] x86: Booted up 1 node, 2 CPUs
[    4.362608] smpboot: Total of 2 processors activated (14399.99 BogoMIPS)
[    4.389630] devtmpfs: initialized
[    4.404336] evm: security.selinux
[    4.417498] evm: security.SMACK64
[    4.430682] evm: security.SMACK64EXEC
[    4.445273] evm: security.SMACK64TRANUTE
[    4.506999] evm: security.SMACK64MMAP
[    4.522809] evm: security.ima
[    4.535601] evm: security.capability
[    4.556101] clocksource: jiffies: mask: 0xffffffff max_cycles: 0xffffffff, max_idle_ns: 7645041785100000 ns
[    4.595254] futex hash table entries: 512 (order: 3, 32768 bytes)
[    4.619721] pinctrl core: initialized pinctrl subsystem
[    4.641109] RTC time: 10:41:26, date: 07/31/20
[    4.659469] NET: Registered protocol family 16
[    4.688193] cpuidle: using governor ladder
[    4.716820] cpuidle: using governor menu
[    4.732861] PCCT header not found.
[    4.746992] ACPI: bus type PCI registered
[    4.763001] acpiphp: ACPI Hot Plug PCI Controller Driver version: 0.5
[    4.788872] PCI: Using configuration type 1 for base access
[    4.811166] PCI: Using configuration type 1 for extended access
[    4.844063] ACPI: Added _OSI(Module Device)
[    4.860872] ACPI: Added _OSI(Processor Device)
[    4.879268] ACPI: Added _OSI(3.0 _SCP Extensions)
[    4.898108] ACPI: Added _OSI(Processor Aggregator Device)
[    4.920183] ACPI: Executed 1 blocks of module-level executable AML code
[    4.948213] ACPI: Interpreter enabled
[    4.962929] ACPI: (supports S0 S5)
[    4.976750] ACPI: Using IOAPIC for interrupt routing
[    4.996958] PCI: Using host bridge windows from ACPI; if necessary, use "pci=nocrs" and rept a bug
[    5.102114] ACPI: PCI Root Bridge [PCI0] (domain 0000 [bus 00-ff])
[    5.126962] acpi PNP0A03:00: _OSC: OS supports [ExtendedConfig ASPM ClockPM Segments MSI]
[    5.160242] acpi PNP0A03:00: _OSC: platform does not support [PCIeCapability]
[    5.189128] acpi PNP0A03:00: _OSC: not requesting control; platform does not support [PCIeCapability]
[    5.225842] acpi PNP0A03:00: _OSC: OS requested [PCIeHotplug PME AER PCIeCapability]
[    5.257134] acpi PNP0A03:00: _OSC: platform willing to grant [PCIeHotplug PME AER]
[    5.287330] acpi PNP0A03:00: _OSC failed (AE_SUPPORT); disabling ASPM
[    5.324766] PCI host bridge to bus 0000:00
[    5.353697] pci_bus 0000:00: root bus resource [io  0x0000-0x0cf7 window]
[    5.391793] pci_bus 0000:00: root bus resource [io  0x0d00-0xffff window]
[    5.420143] pci_bus 0000:00: root bus resource [mem 0x000a0000-0x000bffff window]
[    5.450216] pci_bus 0000:00: root bus resource [mem 0x40000000-0xfdffffff window]
[    5.480378] pci_bus 0000:00: root bus resource [bus 00-ff]
[    5.503827] pci 0000:00:01.1: legacy IDE quirk: reg 0x10: [io  0x01f0-0x01f7]
[    5.532162] pci 0000:00:01.1: legacy IDE quirk: reg 0x14: [io  0x03f6]
[    5.558147] pci 0000:00:01.1: legacy IDE quirk: reg 0x18: [io  0x0170-0x0177]
[    5.586686] pci 0000:00:01.1: legacy IDE quirk: reg 0x1c: [io  0x0376]
[    5.624589] pci 0000:00:07.0: quirk: [io  0x4000-0x403f] claimed by PIIX4 ACPI
[    5.651674] pci 0000:00:07.0: quirk: [io  0x4100-0x410f] claimed by PIIX4 SMB
[    5.685095] ACPI: PCI Interrupt Link [LNKA] (IRQs 5 9 10 *11)
[    5.707384] ACPI: PCI Interrupt Link [LNKB] (IRQs 5 9 *10 11)
[    5.729655] ACPI: PCI Interrupt Link [LNKC] (IRQs 5 *9 10 11)
[    5.751266] ACPI: PCI Interrupt Link [LNKD] (IRQs 5 9 10 *11)
[    5.773041] ACPI: Enabled 2 GPEs in block 00 to 07
[    5.807350] vgaarb: setting as boot device PCI:0000:00:02.0
[    5.863694] vgaarb: device added: PCI:0000:00:02.0,decodes=io+mem,owns=io+mem,locks=none
[    5.900981] vgaarb: loaded
[    5.914874] vgaarb: bridge control possible 0000:00:02.0
[    5.940739] SCSI subsystem initialized
[    5.959130] ACPI: bus type USB registered
[    5.978205] usbcore: registered new interface driver usbfs
[    6.004957] usbcore: registered new interface driver hub
[    6.026269] usbcore: registered new device driver usb
[    6.046834] PCI: Using ACPI for IRQ routing
[    6.063801] NetLabel: Initializing
[    6.077669] NetLabel:  domain hash size = 128
[    6.095111] NetLabel:  protocols = UNLABELED CIPSOv4
[    6.115062] NetLabel:  unlabeled traffic allowed by default
[    6.137707] amd_nb: Cannot enumerate AMD northbridges
[    6.158357] clocksource: Switched to clocksource kvm-clock
[    6.186671] AppArmor: AppArmor Filesystem Enabled
[    6.205761] pnp: PnP ACPI init
[    6.218693] pnp: PnP ACPI: found 3 devices
[    6.245165] clocksource: acpi_pm: mask: 0xffffff max_cycles: 0xffffff, max_idle_ns: 2085701024 ns
[    6.280885] NET: Registered protocol family 2
[    6.298738] TCP established hash table entries: 8192 (order: 4, 65536 bytes)
[    6.327071] TCP bind hash table entries: 8192 (order: 5, 131072 bytes)
[    6.353273] TCP: Hash tables configured (established 8192 bind 8192)
[    6.379501] UDP hash table entries: 512 (order: 2, 16384 bytes)
[    6.403141] UDP-Lite hash table entries: 512 (order: 2, 16384 bytes)
[    6.439656] NET: Registered protocol family 1
[    6.458021] pci 0000:00:00.0: Limiting direct PCI/PCI transfers
[    6.494709] pci 0000:00:01.0: Activating ISA DMA hang workarounds
[    6.524235] Unpacking initramfs...
[    6.721922] Freeing initrd memory: 14880K
[    6.738337] clocksource: tsc: mask: 0xffffffffffffffff max_cycles: 0x33e451ab1a6, max_idle_ns: 440795278720 ns
[    6.779352] platform rtc_cmos: registered platform RTC device (no PNP device found)
[    6.810381] Scanning for low memory corruption every 60 seconds
[    6.834529] audit: initializing netlink subsys (disabled)
[    6.856387] audit: type=2000 audit(1596192089.389:1): initialized
[    6.881332] Initialise system trusted keyring
[    6.898987] HugeTLB registered 2 MB page size, pre-allocated 0 pages
[    6.925276] zbud: loaded
[    6.935799] VFS: Disk quotas dquot_6.6.0
[    6.951634] VFS: Dquot-cache hash table entries: 512 (order 0, 4096 bytes)
[    6.979530] squashfs: version 4.0 (2009/01/31) Phillip Lougher
[    7.005701] fuse init (API version 7.23)
[    7.021844] Key type big_key registered
[    7.037420] Allocating IMA MOK and blacklist keyrings.
[    7.060699] Key type asymmetric registered
[    7.077387] Asymmetric key parser 'x509' registered
[    7.097073] Block layer SCSI generic (bsg) driver version 0.4 loaded (major 249)
[    7.126949] io scheduler noop registered
[    7.143072] io scheduler deadline registered (default)
[    7.163768] io scheduler cfq registered
[    7.180182] pci_hotplug: PCI Hot Plug PCI Core version: 0.5
[    7.204122] pciehp: PCI Express Hot Plug Controller Driver version: 0.4
[    7.233606] ACPI: AC Adapter [AC] (on-line)
[    7.251820] input: Power Button as /devices/LNXSYSTM:00/LNXPWRBN:00/input/input0
[    7.281677] ACPI: Power Button [PWRF]
[    7.296545] input: Sleep Button as /devices/LNXSYSTM:00/LNXSLPBN:00/input/input1
[    7.326325] ACPI: Sleep Button [SLPF]
[    7.341473] GHES: HEST is not enabled!
[    7.356681] Serial: 8250/16550 driver, 32 ports, IRQ sharing enabled
[    7.403080] 00:02: ttyS0 at I/O 0x3f8 (irq = 4, base_baud = 115200) is a 16550A
[    7.433028] Linux agpgart interface v0.103
[    7.453975] loop: module loaded
[    7.466460] scsi host0: ata_piix
[    7.478723] scsi host1: ata_piix
[    7.490881] ata1: PATA max UDMA/33 cmd 0x1f0 ctl 0x3f6 bmdma 0xd000 irq 14
[    7.516744] ata2: PATA max UDMA/33 cmd 0x170 ctl 0x376 bmdma 0xd008 irq 15
[    7.543585] libphy: Fixed MDIO Bus: probed
[    7.558975] tun: Universal TUN/TAP device driver, 1.6
[    7.578088] tun: (C) 1999-2004 Max Krasnyansky <maxk@qualcomm.com>
[    7.614211] PPP generic driver version 2.4.2
[    7.630538] ehci_hcd: USB 2.0 'Enhanced' Host Controller (EHCI) Driver
[    7.665866] ehci-pci: EHCI PCI platform driver
[    7.696191] ehci-platform: EHCI generic platform driver
[    7.716794] ohci_hcd: USB 1.1 'Open' Host Controller (OHCI) Driver
[    7.743928] ohci-pci: OHCI PCI platform driver
[    7.760661] ohci-platform: OHCI generic platform driver
[    7.780387] uhci_hcd: USB Universal Host Controller Interface driver
[    7.804289] i8042: PNP: PS/2 Controller [PNP0303:PS2K,PNP0f03:PS2M] at 0x60,0x64 irq 1,12
[    7.835751] serio: i8042 KBD port at 0x60,0x64 irq 1
[    7.854577] serio: i8042 AUX port at 0x60,0x64 irq 12
[    7.873853] mousedev: PS/2 mouse device common for all mice
[    7.895206] input: AT Translated Set 2 keyboard as /devices/platform/i8042/serio0/input/input2
[    7.902457] rtc_cmos rtc_cmos: rtc core: registered rtc_cmos as rtc0
[    7.902510] rtc_cmos rtc_cmos: alarms up to one day, 114 bytes nvram
[    7.902519] i2c /dev entries driver
[    7.902561] device-mapper: uevent: version 1.0.3
[    7.902607] device-mapper: ioctl: 4.34.0-ioctl (2015-10-28) initialised: dm-devel@redhat.com
[    7.902621] ledtrig-cpu: registered to indicate activity on CPUs
[    7.902874] NET: Registered protocol family 10
[    7.903024] NET: Registered protocol family 17
[    7.903050] Key type dns_resolver registered
[    7.903229] registered taskstats version 1
[    7.903242] Loading compiled-in X.509 certificates
[    7.903699] Loaded X.509 cert 'Build time autogenerated kernel key: cef5e81496c0efa51b848ab539e845ddf31c08be'
[    7.903718] zswap: loaded using pool lzo/zbud
[    7.904886] Key type trusted registered
[    7.906673] Key type encrypted registered
[    7.906678] AppArmor: AppArmor sha1 policy hashing enabled
[    7.906680] ima: No TPM chip found, activating TPM-bypass!
[    7.906701] ima: Allocated hash algorithm: sha1
[    7.906717] evm: HMAC attrs: 0x1
[    7.906976]   Magic number: 12:528:680
[    7.928234] rtc_cmos rtc_cmos: setting system clock to 2020-07-31 10:41:29 UTC (1596192089)
[    7.928350] BIOS EDD facility v0.16 2004-Jun-25, 0 devices found
[    7.928351] EDD information not available.
[    8.410753] Freeing unused kernel memory: 1492K
[    8.446798] Write protecting the kernel read-only data: 14336k
[    8.469302] Freeing unused kernel memory: 1592K
[    8.486570] Freeing unused kernel memory: 56K
Loading, please wait...
starting version[    8.512715] random: systemd-udevd: uninitialized urandom read (16 bytes read, 5 bits of entropy available)
 229
[    8.513163] random: udevadm: uninitialized urandom read (16 bytes read, 5 bits of entropy available)
[    8.513184] random: udevadm: uninitialized urandom read (16 bytes read, 5 bits of entropy available)
[    8.520102] random: udevadm: uninitialized urandom read (16 bytes read, 5 bits of entropy available)
[    8.520137] random: udevadm: uninitialized urandom read (16 bytes read, 5 bits of entropy available)
[    8.520256] random: udevadm: uninitialized urandom read (16 bytes read, 5 bits of entropy available)
[    8.520295] random: udevadm: uninitialized urandom read (16 bytes read, 5 bits of entropy available)
[    8.520333] random: udevadm: uninitialized urandom read (16 bytes read, 5 bits of entropy available)
[    8.520373] random: udevadm: uninitialized urandom read (16 bytes read, 5 bits of entropy available)
[    8.520410] random: udevadm: uninitialized urandom read (16 bytes read, 5 bits of entropy available)
[    8.941790] e1000: Intel(R) PRO/1000 Network Driver - version 7.3.21-k8-NAPI
[    8.966086] e1000: Copyright (c) 1999-2006 Intel Corporation.
[    9.001637] AVX2 version of gcm_enc/dec engaged.
[    9.008692] Fusion MPT base driver 3.04.20
[    9.008692] Copyright (c) 1999-2008 LSI Corporation
[    9.049656] AES CTR mode by8 optimization enabled
[    9.089638] Fusion MPT SPI Host driver 3.04.20
[    9.211761] input: ImExPS/2 Generic Explorer Mouse as /devices/platform/i8042/serio1/input/input4
[    9.774401] e1000 0000:00:03.0 eth0: (PCI:33MHz:32-bit) 02:e5:f9:b1:f5:c2
[    9.800233] e1000 0000:00:03.0 eth0: Intel(R) PRO/1000 Network Connection
[   10.170783] e1000 0000:00:08.0 eth1: (PCI:33MHz:32-bit) 08:00:27:8c:82:8a
[   10.196585] e1000 0000:00:08.0 eth1: Intel(R) PRO/1000 Network Connection
[   10.223639] e1000 0000:00:08.0 enp0s8: renamed from eth1
[   10.234879] mptbase: ioc0: Initiating bringup
[   10.270814] e1000 0000:00:03.0 enp0s3: renamed from eth0
[   10.335347] ioc0: LSI53C1030 A0: Capabilities={Initiator}
[   10.516269] scsi host2: ioc0: LSI53C1030 A0, FwRev=00000000h, Ports=1, MaxQ=256, IRQ=20
[   11.175499] scsi 2:0:0:0: Direct-Access     VBOX     HARDDISK         1.0  PQ: 0 ANSI: 5
[   11.206725] scsi target2:0:0: Beginning Domain Validation
[   11.228000] scsi target2:0:0: Domain Validation skipping write tests
[   11.252753] scsi target2:0:0: Ending Domain Validation
[   11.272596] scsi target2:0:0: asynchronous
[   11.289017] scsi 2:0:1:0: Direct-Access     VBOX     HARDDISK         1.0  PQ: 0 ANSI: 5
[   11.320476] scsi target2:0:1: Beginning Domain Validation
[   11.342987] scsi target2:0:1: Domain Validation skipping write tests
[   11.367246] scsi target2:0:1: Ending Domain Validation
[   11.386795] scsi target2:0:1: asynchronous
[   11.432397] sd 2:0:0:0: [sda] 20971520 512-byte logical blocks: (10.7 GB/10.0 GiB)
[   11.462759] sd 2:0:0:0: [sda] Write Protect is off
[   11.481201] sd 2:0:0:0: [sda] Incomplete mode parameter data
[   11.481224] sd 2:0:0:0: Attached scsi generic sg0 type 0
[   11.481686] sd 2:0:1:0: Attached scsi generic sg1 type 0
[   11.481902] sd 2:0:1:0: [sdb] 20480 512-byte logical blocks: (10.5 MB/10.0 MiB)
[   11.481995] sd 2:0:1:0: [sdb] Write Protect is off
[   11.482056] sd 2:0:1:0: [sdb] Incomplete mode parameter data
[   11.482057] sd 2:0:1:0: [sdb] Assuming drive cache: write through
[   11.485048] sd 2:0:1:0: [sdb] Attached SCSI disk
[   11.663687] sd 2:0:0:0: [sda] Assuming drive cache: write through
[   11.688248]  sda: sda1
[   11.701792] sd 2:0:0:0: [sda] Attached SCSI disk
Begin: Loading essential drivers ... [   13.261747] md: linear personality registered for level -1
[   13.296341] md: multipath personality registered for level -4
[   13.337378] md: raid0 personality registered for level 0
[   13.373294] md: raid1 personality registered for level 1
[   13.466921] raid6: sse2x1   gen()  8729 MB/s
[   13.550939] raid6: sse2x1   xor()  8058 MB/s
[   13.634948] raid6: sse2x2   gen() 16847 MB/s
[   13.718508] raid6: sse2x2   xor() 10618 MB/s
[   13.802378] raid6: sse2x4   gen() 17171 MB/s
[   13.886368] raid6: sse2x4   xor()  7747 MB/s
[   13.971134] raid6: avx2x1   gen() 18891 MB/s
[   14.054904] raid6: avx2x2   gen() 25124 MB/s
[   14.147918] raid6: avx2x4   gen() 25853 MB/s
[   14.164105] raid6: using algorithm avx2x4 gen() 25853 MB/s
[   14.185233] raid6: using avx2x2 recovery algorithm
[   14.204534] xor: automatically using best checksumming function:
[   14.267075]    avx       : 14641.000 MB/sec
[   14.283859] async_tx: api initialized (async)
[   14.308079] md: raid6 personality registered for level 6
[   14.328301] md: raid5 personality registered for level 5
[   14.350608] md: raid4 personality registered for level 4
[   14.375762] md: raid10 personality registered for level 10
done.
Begin: Running /scripts/init-premount ... done.
Begin: Mounting root file system ... Begin: Running /scripts/local-top ... done.
Begin: Running /scripts/local-premount ... [   14.422532] Btrfs loaded
Scanning for Btrfs filesystems
done.
Warning: fsck not present, so skipping root file system
[   14.534525] EXT4-fs (sda1): mounted filesystem with ordered data mode. Opts: (null)
done.
Begin: Running /scripts/local-bottom ... done.
Begin: Running /scripts/init-bottom ... done.
[   15.243052] random: nonblocking pool is initialized
[   15.360198] systemd[1]: systemd 229 running in system mode. (+PAM +AUDIT +SELINUX +IMA +APPARMOR +SMACK +SYSVINIT +UTMP +LIBCRYPTSETUP +GCRYPT +GNUTLS +ACL +XZ -LZ4 +SECCOMP +BLKID +ELFUTILS +KMOD -IDN)
[   15.440240] systemd[1]: Detected virtualization oracle.
[   15.460563] systemd[1]: Detected architecture x86-64.

Welcome to [1mUbuntu 16.04.6 LTS[0m!

[   15.528166] systemd[1]: Set hostname to <ubuntu>.
[   15.563822] systemd[1]: Initializing machine ID from random generator.
[   15.610412] systemd[1]: Installed transient /etc/machine-id file.
[   16.293847] systemd[1]: Listening on udev Control Socket.
[[0;32m  OK  [0m] Listening on udev Control Socket.
[   16.323440] systemd[1]: Listening on LVM2 poll daemon socket.
[[0;32m  OK  [0m] Listening on LVM2 poll daemon socket.
[   16.354672] systemd[1]: Listening on Journal Audit Socket.
[[0;32m  OK  [0m] Listening on Journal Audit Socket.
[   16.383212] systemd[1]: Started Trigger resolvconf update for networkd DNS.
[[0;32m  OK  [0m] Started Trigger resolvconf update for networkd DNS.
[   16.420258] systemd[1]: Set up automount Arbitrary Executable File Formats File System Automount Point.
[[0;32m  OK  [0m] Set up automount Arbitrary Executab...ats File System Automount Point.
[   16.467269] systemd[1]: Listening on LVM2 metadata daemon socket.
[[0;32m  OK  [0m] Listening on LVM2 metadata daemon socket.
[   16.499161] systemd[1]: Reached target System Time Synchronized.
[[0;32m  OK  [0m] Reached target System Time Synchronized.
[   16.531367] systemd[1]: Reached target Encrypted Volumes.
[[0;32m  OK  [0m] Reached target Encrypted Volumes.
[   16.558778] systemd[1]: Listening on Journal Socket (/dev/log).
[[0;32m  OK  [0m] Listening on Journal Socket (/dev/log).
[   16.590980] systemd[1]: Started Forward Password Requests to Wall Directory Watch.
[[0;32m  OK  [0m] Started Forward Password Requests to Wall Directory Watch.
[   16.627324] systemd[1]: Created slice User and Session Slice.
[[0;32m  OK  [0m] Created slice User and Session Slice.
[   16.659401] systemd[1]: Listening on Device-mapper event daemon FIFOs.
[[0;32m  OK  [0m] Listening on Device-mapper event daemon FIFOs.
[   16.703307] systemd[1]: Listening on /dev/initctl Compatibility Named Pipe.
[[0;32m  OK  [0m] Listening on /dev/initctl Compatibility Named Pipe.
[   16.755044] systemd[1]: Listening on Syslog Socket.
[[0;32m  OK  [0m] Listening on Syslog Socket.
[   16.787166] systemd[1]: Listening on Journal Socket.
[[0;32m  OK  [0m] Listening on Journal Socket.
[   16.814573] systemd[1]: Listening on udev Kernel Socket.
[[0;32m  OK  [0m] Listening on udev Kernel Socket.
[   16.843782] systemd[1]: Reached target User and Group Name Lookups.
[[0;32m  OK  [0m] Reached target User and Group Name Lookups.
[   16.875065] systemd[1]: Reached target Swap.
[[0;32m  OK  [0m] Reached target Swap.
[   16.898761] systemd[1]: Created slice System Slice.
[[0;32m  OK  [0m] Created slice System Slice.
[   16.943432] systemd[1]: Starting Load Kernel Modules...
         Starting Load Kernel Modules...
[   17.071314] systemd[1]: Mounting Huge Pages File System...
         Mounting Huge Pages File System...
[   17.134666] Loading iSCSI transport class v2.0-870.
[   17.154819] systemd[1]: Starting Journal Service...
         Starting Journal Service...
[   17.234757] iscsi: registered transport (tcp)
[   17.263033] systemd[1]: Created slice system-serial\x2dgetty.slice.
[[0;32m  OK  [0m] Created slice system-serial\x2dgetty.slice.
[   17.371735] systemd[1]: Starting Monitoring of LVM2 mirrors, snapshots etc. using dmeventd or progress polling...
         Starting Monitoring of LVM2 mirrors... dmeventd or progress polling...
[   17.527412] systemd[1]: Starting Remount Root and Kernel File Systems...
         Starting Remount Root and Kernel[   17.584763] EXT4-fs (sda1): re-mounted. Opts: (null)
 File Systems...
[   17.606032] iscsi: registered transport (iser)
[   17.634813] systemd[1]: Mounting POSIX Message Queue File System...
         Mounting POSIX Message Queue File System...
[   17.663576] systemd[1]: Starting Uncomplicated firewall...
         Starting Uncomplicated firewall...
[   17.690968] systemd[1]: Mounting Debug File System...
         Mounting Debug File System...
[   17.715588] systemd[1]: Starting Set console keymap...
         Starting Set console keymap...
[   17.752825] systemd[1]: Starting Create list of required static device nodes for the current kernel...
         Starting Create list of required st... nodes for the current kernel...
[   17.827204] systemd[1]: Reached target Slices.
[[0;32m  OK  [0m] Reached target Slices.
[   17.863300] systemd[1]: Starting Nameserver information manager...
         Starting Nameserver information manager...
[   17.895749] systemd[1]: Mounted POSIX Message Queue File System.
[[0;32m  OK  [0m] Mounted POSIX Message Queue File System.
[   17.926874] systemd[1]: Mounted Debug File System.
[[0;32m  OK  [0m] Mounted Debug File System.
[   17.951237] systemd[1]: Mounted Huge Pages File System.
[[0;32m  OK  [0m] Mounted Huge Pages File System.
[   17.982658] systemd[1]: Started Journal Service.
[[0;32m  OK  [0m] Started Journal Service.
[[0;32m  OK  [0m] Started Load Kernel Modules.
[[0;32m  OK  [0m] Started Remount Root and Kernel File Systems.
[[0;32m  OK  [0m] Started Uncomplicated firewall.
[[0;32m  OK  [0m] Started Set console keymap.
[[0;32m  OK  [0m] Started Create list of required sta...ce nodes for the current kernel.
[[0;32m  OK  [0m] Started LVM2 metadata daemon.
         Starting Create Static Device Nodes in /dev...
         Starting udev Coldplug all Devices...
         Starting Load/Save Random Seed...
         Mounting FUSE Control File System...
         Starting Apply Kernel Variables...
         Starting Flush Journal to Persistent Storage...
[[0;32m  OK  [0m] Mounted FUSE Control File System.
[[0;32m  OK  [0m] Started Monitoring of LVM2 mirrors,...ng dmeventd or progress polling.
[[0;32m  OK  [0m] Started Nameserver information manager.
[[0;32m  OK  [0m] Started Create Static Device Nodes in /dev.
[[0;32m  OK  [0m] Started Load/Save Random Seed.
[[0;32m  OK  [0m] Started Apply Kernel Variables.
[[0;32m  OK  [0m] Started udev Coldplug all Devices.
         Starting udev Kernel Device Manager...
[[0;32m  OK  [0m] Reached target Local File Systems (Pre).
[[0;32m  OK  [0m] Reached target Local File Systems.
         Starting Commit a transient machine-id on disk...
         Starting Initial cloud-init job (pre-networking)...
         Starting Tell Plymouth To Write Out Runtime Data...
         Starting LSB: AppArmor initialization...
         Starting Set console font and keymap...
[[0;32m  OK  [0m] Started udev Kernel Device Manager.
[[0;32m  OK  [0m] Started Commit a transient machine-id on disk.
[[0;32m  OK  [0m] Started Tell Plymouth To Write Out Runtime Data.
[[0;32m  OK  [0m] Started Flush Journal to Persistent Storage.
[[0;32m  OK  [0m] Found device /dev/ttyS0.
[[0;32m  OK  [0m] Listening on Load/Save RF Kill Switch Status /dev/rfkill Watch.
         Starting Create Volatile Files and Directories...
[[0;32m  OK  [0m] Started Dispatch Password Requests to Console Directory Watch.
[[0;32m  OK  [0m] Started Set console font and keymap.
[[0;32m  OK  [0m] Started Create Volatile Files and Directories.
         Starting Update UTMP about System Boot/Shutdown...
[[0;32m  OK  [0m] Created slice system-getty.slice.
[[0;32m  OK  [0m] Started Update UTMP about System Boot/Shutdown.
[[0;32m  OK  [0m] Started LSB: AppArmor initialization.
         Starting Load AppArmor profiles managed internally by snapd...
[[0;32m  OK  [0m] Started Load AppArmor profiles managed internally by snapd.
[   17.082533] cloud-init[462]: Cloud-init v. 20.2-45-g5f7825e2-0ubuntu1~16.04.1 running 'init-local' at Fri, 31 Jul 2020 10:41:43 +0000. Up 16.80 seconds.
[[0;32m  OK  [0m] Started Initial cloud-init job (pre-networking).
[[0;32m  OK  [0m] Reached target Network (Pre).
         Starting Raise network interfaces...
[[0;32m  OK  [0m] Started Raise network interfaces.
[[0;32m  OK  [0m] Reached target Network.
         Starting Initial cloud-init job (metadata service crawler)...
[   18.984077] cloud-init[965]: Cloud-init v. 20.2-45-g5f7825e2-0ubuntu1~16.04.1 running 'init' at Fri, 31 Jul 2020 10:41:44 +0000. Up 17.67 seconds.
[   19.000568] cloud-init[965]: ci-info: ++++++++++++++++++++++++++++++++++++++Net device info+++++++++++++++++++++++++++++++++++++++
[   19.008430] cloud-init[965]: ci-info: +--------+-------+----------------------------+---------------+--------+-------------------+
[   19.021222] cloud-init[965]: ci-info: | Device |   Up  |          Address           |      Mask     | Scope  |     Hw-Address    |
[   19.044500] cloud-init[965]: ci-info: +--------+-------+----------------------------+---------------+--------+-------------------+
[[0;32m  OK  [0m] Started Initial cloud-init job (metadata service crawler).
[   19.044597] cloud-init[965]: ci-info: | enp0s3 |  True |         10.0.2.15          | 255.255.255.0 | global | 02:e5:f9:b1:f5:c2 |
[   19.068828] [cloud-init[0;32m  OK  [0m[965]: ] ci-info: | enp0s3 |  True | fe80::e5:f9ff:feb1:f5c2/64 |       .       |  link  | 02:e5:f9:b1:f5:c2 |Reached target Network is Online.

[   19.069073] cloud-init[965]: ci-info: | enp0s8 | False |             .              |       .       |   .    | 08:00:27:8c:82:8a |
[   19.089464] cloud-init[965]: ci-info: |   lo   |  True |         127.0.0.1          |   255.0.0.0   |  host  |         .         |
[   19.100996]          cloud-initStarting iSCSI initiator daemon (iscsid)...[965]: 
ci-info: |   lo   |  True |          ::1/128           |       .       |  host  |         .         |
[   19.160654] cloud-init[965]: ci-info: +--------+-------+----------------------------+---------------+--------+-------------------+
[   19.160781] cloud-init[965]: ci-info: +++++++++++++++++++++++++++Route IPv4 info++++++++++++++++++++++++++++
[[0;32m  OK  [0m] Reached target System Initialization.
[[   19.160851] cloud-init[965]: ci-info: +-------+-------------+----------+---------------+-----------+-------+
[0;32m  OK  [0m] Started Daily Cleanup of Temporary Directories.
[   19.176482] cloud-init[965]: ci-info: | Route | Destination | Gateway  |    Genmask    | Interface | Flags |
[   19.233856] cloud-init[965]: ci-info: +-------+-------------+----------+---------------+-----------+-------+
[   19.233971] cloud-init[965]: ci-info: |   0   |   0.0.0.0   | 10.0.2.2 |    0.0.0.0    |   enp0s3  |   UG  |
[[0;32m  OK  [0m] Started ACPI Events Check.
[[   19.234026] cloud-init[965]: ci-info: |   1   |   10.0.2.0  | 0.0.0.0  | 255.255.255.0 |   enp0s3  |   U   |
[0;32m  OK  [0m] Reached target Paths.
[   19.313207] cloud-init[965]: ci-info: +-------+-------------+----------+---------------+-----------+-------+
[   19.334027]          cloud-initStarting Socket activation for snappy daemon.[965]: 
ci-info: +++++++++++++++++++Route IPv6 info+++++++++++++++++++
[   19.344706] [cloud-init[0;32m  OK  [0m[965]: ] ci-info: +-------+-------------+---------+-----------+-------+Listening on D-Bus System Message Bus Socket.

[   19.357145]          cloud-initStarting LXD - unix socket.[965]: 
ci-info: | Route | Destination | Gateway | Interface | Flags |
[   19.368176] cloud-init[965]: ci-info: +-------+-------------+---------+-----------+-------+
[[0;32m  OK  [0m] Started Daily apt download activities.
[   19.368298] cloud-init[965]: ci-info: |   0   |  fe80::/64  |    ::   |   enp0s3  |   U   |
[[0;32m  OK  [0m] Started Message of the Day.
[[   19.381067] [0;32m  OK  [0mcloud-init] [965]: Listening on UUID daemon activation socket.ci-info: |   3   |   ff00::/8  |    ::   |   enp0s3  |   U   |

[   19.400395] [cloud-init[0;32m  OK  [0m[965]: ] ci-info: +-------+-------------+---------+-----------+-------+Started Daily apt upgrade and clean activities.

[[0;32m  OK  [0m] Reached target Timers.
[   19.400555] cloud-init[965]: Generating public/private rsa key pair.[
[0;32m  OK  [0m] Listening on ACPID Listen Socket.
[   19.417091] cloud-init[965]: Your identification has been saved in /etc/ssh/ssh_host_rsa_key.
[   19.417194] cloud-init[965]: Your public key has been saved in /etc/ssh/ssh_host_rsa_key.pub.
[[0;32m  OK  [0m] Reached target Cloud-config availability.
[   19.417257] cloud-init[965]: The key fingerprint is:
[   19.437130] cloud-init[965]: SHA256:XD0410kt9+DYgwOAV8N8dNSC9D9rMIs1uLpmFifCHq4 root@ubuntu-xenial
[   19.444400] [cloud-init[0;32m  OK  [0m[965]: ] The key's randomart image is:Listening on Socket activation for snappy daemon.

[[0;32m  OK  [0m] Listening on LXD - unix socket.
[   19.444583] cloud-init[965]: +---[RSA 2048]----+
[   19.508863] cloud-init[965]: |       ..=oooo+o |
[   19.508966] cloud-init[965]: |      . . ++o=+.+|
[[0;32m  OK  [0m] Started iSCSI initiator daemon (iscsid).
[   19.509032] cloud-init[965]: |       .  +o+=+=.|
[   19.528473] cloud-init[965]: |       . . o=.+..|
[   19.540240]          cloud-initStarting Login to default iSCSI targets...[965]: 
|      . S  . * o.|
[   19.548812] [cloud-init[0;32m  OK  [0m[965]: ] |       + o .+ = o|Reached target Sockets.

[[0;32m  OK  [0m] Reached target Basic System.
[   19.548976] cloud-init[965]: |      o o +o . o |
[   19.568382] cloud-init[965]: |       o +.   .  |
[   19.576254] cloud-init[965]: |     E. +o.      |
         Starting /etc/rc.local Compatibility...
[   19.576451] cloud-init[965]: +----[SHA256]-----+
[   19.620245] [cloud-init[0;32m  OK  [0m[965]: ] Generating public/private dsa key pair.Started FUSE filesystem for LXC.

[   19.680672] cloud-init[965]: Your identification has been saved in /etc/ssh/ssh_host_dsa_key.
[   19.680788] cloud-init[965]: Your public key has been saved in /etc/ssh/ssh_host_dsa_key.pub.
         Starting LXD - container startup/shutdown...
[   19.680849] cloud-init[965]: The key fingerprint is:
         Starting Accounts Service...
[   19.817657] cloud-init[965]: SHA256:kI5rEPHJFlUx+y36YU5vvgXu+kv6X2xPoKQqFKmeP10 root@ubuntu-xenial
[[   19.921073] cloud-init[965]: The key's randomart image is:
[0;32m  OK  [0m] Started Regular background program processing daemon.
[   19.921355] cloud-init[965]: +---[DSA 1024]----+
[   20.104587]          cloud-initStarting LSB: MD monitoring daemon...[965]: |  . ....+.       |

[   20.104790] cloud-init[965]: |   + o . o       |
[   20.234349] cloud-init[965]: |  . = o..        |
         Starting System Logging Service...
[   20.234630] cloud-init[965]: |   o oo. . .     |
[   20.337995] [cloud-init[0;32m  OK  [0m] [965]: Started D-Bus System Message Bus.|  . ....S o + .  |

[   20.409250] cloud-init[965]: |   ....  .E= o o |
[   20.440450] cloud-init[965]: |   .oo ...= + . =|
[   20.476626] cloud-init[965]: |   .o o .* *.. +.|
[   20.520608] cloud-init[965]: |     ..o. =*O+. .|
[   20.544971] cloud-init[965]: +----[SHA256]-----+
[   20.564502] cloud-init[965]: Generating public/private ecdsa key pair.
[   20.588259] cloud-init[965]: Your identification has been saved in /etc/ssh/ssh_host_ecdsa_key.
[   20.652672] cloud-init[965]: Your public key has been saved in /etc/ssh/ssh_host_ecdsa_key.pub.
[   20.696495] cloud-init[965]: The key fingerprint is:
[   20.721722] cloud-init[965]: SHA256:iDy+vUIarcoxLi52O9JIJTIWZtohOqsrMsgF3OpI7X4 root@ubuntu-xenial
[   20.748805] cloud-init[965]: The key's randomart image is:
[   20.777105] cloud-init[965]: +---[ECDSA 256]---+
[   20.777209] cloud-init[965]: |                 |
         Starting Pollinate to seed the pseudo random number generator...
[   20.777280] cloud-init[965]: |.+.              |
[   20.952374] cloud-init[965]: |*oo.             |
[   20.952484] cloud-init[965]: |*=.+ . .         |
         Starting Login Service...
[   20.952545] cloud-init[965]: |o+*.+ . S        |
[   21.028300] cloud-init[965]: |.+.+o.           |
[   21.068558] cloud-init[965]: |Oo==.            |
[   21.068670] cloud-init[965]: |%*==.E           |
         Starting Virtualbox guest utils...
[   21.068732] cloud-init[965]: |XB+o=.o.         |
[   21.232809] cloud-init[965]: +----[SHA256]-----+
[   21.244503] [cloud-init[0;32m  OK  [0m[965]: ] Generating public/private ed25519 key pair.Started Deferred execution scheduler.

[   21.244721] cloud-init[965]: Your identification has been saved in /etc/ssh/ssh_host_ed25519_key.
[   21.320892] cloud-init[965]: Your public key has been saved in /etc/ssh/ssh_host_ed25519_key.pub.
[   21.336991] [cloud-init[0;32m  OK  [0m[965]: ] The key fingerprint is:Started ACPI event daemon.

[   21.361320]          cloud-initStarting LSB: Record successful boot for GRUB...[965]: 
SHA256:tc+VVDlVl1+avAu+hhlIeOfiT46Z1H6/UxduaFjm/34 root@ubuntu-xenial
[   21.401377] cloud-init[965]: The key's randomart image is:
[   21.401487] cloud-init[965]: +--[ED25519 256]--+
         Starting Snap Daemon...
[   21.401549] cloud-init[965]: |                X|
[   21.588503] cloud-init[965]: |               =o|
[[0;32m  OK  [0m] Started System Logging Service.
[   21.588906] cloud-init[965]: |       .  .  ..o+|
[   21.733000] [cloud-init[0;32m  OK  [0m[965]: ] |      . o... ++o.|Started /etc/rc.local Compatibility.

[   21.733190] cloud-init[965]: |       oS+. = =..|
[   21.795544] cloud-init[965]: |        o.o+.=.oo|
[[0;32m  OK  [0m] Started LXD - container startup/shutdown.
[   21.795805] cloud-init[965]: |       ...o=+.oo.|
[   21.864897] [cloud-init[0;32m  OK  [0m[965]: ] |       ..Bo + o.E|Started Pollinate to seed the pseudo random number generator.

         Starting Authenticate and Authorize Users to Run Privileged Tasks...
[   22.125778] cloud-init[965]: |        +.+o.oo+=|
[   22.369802] cloud-init[965]: +----[SHA256]-----+
         Starting OpenBSD Secure Shell server...
[[0;32m  OK  [0m] Started LSB: MD monitoring daemon.
[[0;32m  OK  [0m] Started LSB: Record successful boot for GRUB.
[[0;32m  OK  [0m] Started Virtualbox guest utils.
[[0;32m  OK  [0m] Started Login to default iSCSI targets.
[[0;32m  OK  [0m] Started OpenBSD Secure Shell server.
[[0;32m  OK  [0m] Started Login Service.
[[0;32m  OK  [0m] Started Authenticate and Authorize Users to Run Privileged Tasks.
[[0;32m  OK  [0m] Started Accounts Service.
[[0;32m  OK  [0m] Started Unattended Upgrades Shutdown.
[[0;32m  OK  [0m] Reached target Remote File Systems (Pre).
[[0;32m  OK  [0m] Reached target Remote File Systems.
         Starting LSB: daemon to balance interrupts for SMP systems...
         Starting LSB: Set the CPU Frequency Scaling governor to "ondemand"...
         Starting Permit User Sessions...
         Starting LSB: automatic crash report generation...
[[0;32m  OK  [0m] Started Snap Daemon.
[[0;32m  OK  [0m] Started Permit User Sessions.
         Starting Terminate Plymouth Boot Screen...
         Starting Hold until boot process finishes up...
         Starting Wait until snapd is fully seeded...
[[0;32m  OK  [0m] Started LSB: daemon to balance interrupts for SMP systems.
[[0;32m  OK  [0m] Started LSB: Set the CPU Frequency Scaling governor to "ondemand".
[[0;32m  OK  [0m] Started LSB: automatic crash report generation.
[[0;32m  OK  [0m] Started Terminate Plymouth Boot Screen.
[[0;32m  OK  [0m] Started Hold until boot process finishes up.
[[0;32m  OK  [0m] Created slice User Slice of vagrant.
[[0;32m  OK  [0m] Started Serial Getty on ttyS0.
         Starting Set console scheme...
[[0;32m  OK  [0m] Started Getty on tty1.
[[0;32m  OK  [0m] Reached target Login Prompts.
[[0;32m  OK  [0m] Started Set console scheme.
[[0;32m  OK  [0m] Started Session 1 of user vagrant.
         Starting User Manager for UID 1000...
[[0;32m  OK  [0m] Started User Manager for UID 1000.
[[0;32m  OK  [0m] Started Wait until snapd is fully seeded.
[[0;32m  OK  [0m] Reached target Multi-User System.
[[0;32m  OK  [0m] Reached target Graphical Interface.
         Starting Update UTMP about System Runlevel Changes...
         Starting Apply the settings specified in cloud-config...
[[0;32m  OK  [0m] Started Update UTMP about System Runlevel Changes.
[   26.579040] cloud-init[1411]: Generating locales (this might take a while)...
[   27.482177] cloud-init[1411]:   en_US.UTF-8... done
[   27.505574] cloud-init[1411]: Generation complete.
         Stopping User Manager for UID 1000...
[   28.512652] cloud-init[1411]: Cloud-init v. 20.2-45-g5f7825e2-0ubuntu1~16.04.1 running 'modules:config' at Fri, 31 Jul 2020 10:41:53 +0000. Up 26.35 seconds.
[[0;32m  OK  [0m] Stopped User Manager for UID 1000.
[[0;32m  OK  [0m] Removed slice User Slice of vagrant.
[[0;32m  OK  [0m] Started Apply the settings specified in cloud-config.
         Starting Execute cloud user/final scripts...
[[0;32m  OK  [0m] Created slice User Slice of vagrant.
         Starting User Manager for UID 1000...
[[0;32m  OK  [0m] Started Session 2 of user vagrant.
[[0;32m  OK  [0m] Started User Manager for UID 1000.
ci-info: no authorized SSH keys fingerprints found for user ubuntu.
<14>Jul 31 10:41:56 ec2: 
<14>Jul 31 10:41:56 ec2: #############################################################
<14>Jul 31 10:41:56 ec2: -----BEGIN SSH HOST KEY FINGERPRINTS-----
<14>Jul 31 10:41:56 ec2: 1024 SHA256:kI5rEPHJFlUx+y36YU5vvgXu+kv6X2xPoKQqFKmeP10 root@ubuntu-xenial (DSA)
<14>Jul 31 10:41:56 ec2: 256 SHA256:iDy+vUIarcoxLi52O9JIJTIWZtohOqsrMsgF3OpI7X4 root@ubuntu-xenial (ECDSA)
<14>Jul 31 10:41:56 ec2: 256 SHA256:tc+VVDlVl1+avAu+hhlIeOfiT46Z1H6/UxduaFjm/34 root@ubuntu-xenial (ED25519)
<14>Jul 31 10:41:56 ec2: 2048 SHA256:XD0410kt9+DYgwOAV8N8dNSC9D9rMIs1uLpmFifCHq4 root@ubuntu-xenial (RSA)
<14>Jul 31 10:41:56 ec2: -----END SSH HOST KEY FINGERPRINTS-----
<14>Jul 31 10:41:56 ec2: #############################################################
-----BEGIN SSH HOST KEY KEYS-----
ecdsa-sha2-nistp256 AAAAE2VjZHNhLXNoYTItbmlzdHAyNTYAAAAIbmlzdHAyNTYAAABBBAuU4XGtKPs0HLO+kPp8TawBcAYk1/xUpGzJlfLL6l0Q1ainZyFoFeAoyOoNvkN7P7unUxVGrLi/7yUpxlQiUVY= root@ubuntu-xenial
ssh-ed25519 AAAAC3NzaC1lZDI1NTE5AAAAIMIJYufEb3f/XE+OtpIoc+lk2txaA0vFHRDTGAgrxHn6 root@ubuntu-xenial
ssh-rsa AAAAB3NzaC1yc2EAAAADAQABAAABAQDKt+QwsuEqoqpTcSQFbvulfRsEJnH5avQJs6zGpywbKe0ltpP4U60SYl5gHyPIOrSZlxOxcJAVb0tatgD9KIGgxy/diZrg0qkJCRi9ri7QEyvgIYkcMpADze+PqiotEWaMO0MwbEDNqwGbHN6aOS4TimUZQ5D49dY6e5tA9jKLLHR5QluSuRlg0gX0sJhQfOlEWOK1Q00JWDh9tPwahk+C+bLtgo5gZvw9JXffZS8KDs1dpWYr7z8Ea2CkcSEDFMnabgh0d7rxaTK/GwTW8VxK0cyUTEnSqWMeKZT9/jA5EsN7+jSiPJEK9WUWDOujXUyf+dnckQYxYDk6QsXOJ4d7 root@ubuntu-xenial
-----END SSH HOST KEY KEYS-----
[   29.093035] cloud-init[1584]: Cloud-init v. 20.2-45-g5f7825e2-0ubuntu1~16.04.1 running 'modules:final' at Fri, 31 Jul 2020 10:41:55 +0000. Up 28.84 seconds.
[   29.093202] cloud-init[1584]: ci-info: no authorized SSH keys fingerprints found for user ubuntu.
[   29.093283] cloud-init[1584]: Cloud-init v. 20.2-45-g5f7825e2-0ubuntu1~16.04.1 finished at Fri, 31 Jul 2020 10:41:56 +0000. Datasource DataSourceNoCloud [seed=/dev/sdb][dsmode=net].  Up 29.08 seconds

Ubuntu 16.04.6 LTS ubuntu-xenial ttyS0

ubuntu-xenial login: 