[    0.000000] Initializing cgroup subsys cpuset
[ .000000] Initializing cgroup subsys cpu
[    0.000000] Initializing cgroup subsys cpuacct
[    0.000000] Linux version 4.4.0-186-generic (buildd@lcy01-amd64-002) (gcc version 5.4.0 20160609 (Ubuntu 5.4.0-6ubuntu1~16.04.12) ) #216-Ubuntu SMP Wed Jul 1 05:34:05 UTC 2020 (Ubuntu 4.4.0-186.216-generic 4.4.228)
[    0.000000] Command line: BOOT_IMAGE=/boot/vmlinuz-4.4.0-186-generic root=LABEL=cloudimg-rootfs ro console=tty1 console=ttyS0
[    0.000000] KERNEL supported cpus:
[    0.000000]   Intel GenuineIntel
[    0.000000]   AMD AuthenticAMD
[    0.000000]   Centaur CentaurHauls
[    0.000000] [Firmware Bug]: TSC doesn't count with P0 frequency!
[    0.000000] x86/fpu: xstate_offset[2]:  576, xstate_sizes[2]:  256
[    0.000000] x86/fpu: Supporting XSAVE feature 0x01: 'x87 floating point gisters'
[    0.000000] x86/fpu: Supporting XSAVE feature 0x02: 'SSE registers'
[    0.000000] x86/fpu: Supporting XSAVE feature 0x04: 'AVX registers'
[    0.000000] x86/fpu: Enabled xstate features 0x7, context size is 832 bytes, using 'standard' format.
[    0.000000] e820: BIOS-provided physical RAM map:
[    0.000000] BIOS-e820: [mem 0x0000000000000000-0x000000000009fbff] usable
[    0.000000] BIOS-e820: [mem 0x000000000009fc00-0x000000000009ffff] reserved
[    0.000000] BIOS-e820: [mem 0x00000000000f0000-0x00000000000fffff] reserved
[    0.000000] BIOS-e820: [mem 0x0000000000100000-0x000000003ffeffff] usable
[    0.000000] BIOS-e820: [mem 0x000000003fff0000-0x000000003fffffff] ACPI data
[    0.000000] BIOS-e820: [mem 0x00000000fec00000-0x00000000fec00fff] reserved
[    0.000000] BIOS-e820: [mem 0x00000000fee00000-0x00000000fee00fff] reserved
[    0.000000] BIOS-e820: [mem 0x00000000fffc0000-0x00000000ffffffff] reserved
[    0.000000] NX (Execute Disable) protection: active
[    0.000000] SMBIOS 2.5 present.
[    0.000000] Hypervisor detected: KVM
[    0.000000] Kernel/User page tables isolation: disabled
[    0.000000] e820: last_pfn = 0x3fff0 max_arch_pfn = 0x400000000
[    0.000000] MTRR: Disabled
[    0.000000] x86/PAT: MTRRs disabled, skipping PAT initialization too.
[    0.000000] CPU MTRRs all blank - virtualized system.
[    0.000000] x86/PAT: Configuration [0-7]: WB  WT  UC- UC  WB  WT  UC- UC  
[    0.000000] found SMP MP-table at [mem 0x0009fff0-x0009ffff] mapped at [ffff88000009fff0]
[    0.000000] Scanning 1 areas for low memory corruption
[    0.000000] RAMDISK: [mem 0x362e0000-0x37167fff]
[    0.000000] ACPI: Eary table checksum verification disabled
[    0.000000] ACPI: RSDP 0x0000000000E0000 000024 (v02 VBOX  )
[    0.000000] ACPI: XSDT 0x000000003FFF0030 00003C (v01 VBOX   VBOXXSDT 00000001 ASL  00000061)
[    0.000000] ACPI: FACP 0x000000003FFF00F0 0000F4 (v04 VBOX   VBOXFACP 00000001 ASL  00000061)
[    0.000000] ACPI: DSDT 0x000000003FFF0470 002325 (v02 VBOX   VBOXBIOS 00000002 INTL 20100528)
[    0.000000] ACPI: FACS 0x000000003FFF0200 000040
[    0.000000] ACPI: FACS 0x000000003FFF0200 000040
[    0.000000] ACPI: APIC 0x000000003FFF0240 00005C (v02 VBOX   VBOXAPIC 00000001 ASL  00000061)
[    0.000000] ACPI: SSDT 0x000000003FFF02A0 0001CC (v01 VBOX   VBOXCPUT 00000002 INTL 20100528)
[    0.000000] No NUMA configuration found
[    0.000000] Faking a node at [mem 0x0000000000000000-0x000000003ffeffff]
[    0.000000] NODE_DATA(0) allocated [mem 0x3ffeb000-0x3ffeffff]
[    0.000000] kvm-clock: Using msrs 4b564d01 and 4b564d00
[    0.000000] kvm-clock: cpu 0, msr 0:3ffe3001, primary cpu clock
[    0.000000] kvm-clock: using sched offset of 4599920594 cycles
[    0.000000] clocksource: kvm-clock: mask: 0xffffffffffffffff max_cycles: 0x1cd42e4dffb, max_idle_ns: 881590591483 ns
[    0.000000] Zone ranges:
[    0.000000]   DMA      [mem 0x0000000000001000-0x0000000000ffffff]
[    0.000000]   DMA32    [mem 0x0000000001000000-0x000000003ffeffff]
[    0.000000]   Normal   empty
[    0.000000]   Device   empty
[    0.000000] Movable zone start for each node
[    0.000000] Early memory node ranges
[    0.000000]   node   0: [mem 0x0000000000001000-0x000000000009efff]
[    0.000000]   node   0: [mem 0x0000000000100000-0x000000003ffeffff]
[    0.000000] Initmem setup node 0 [mem 0x0000000000001000-0x000000003ffeffff]
[    0.000000] ACPI: PM-Timer IO Port: 0x4008
[    0.000000] IOAPIC[0]: apic_id 2, version 32, address 0xfec00000, GSI 0-23
[    0.000000] ACPI: INT_SRC_OVR (bus 0 bus_irq 0 global_irq 2 dfl dfl)
[    0.000000] ACPI: INT_SRC_OVR (bus 0 bus_irq 9 global_irq 9 low level)
[    0.000000] Using ACPI (MADT) for SMP configuration information
[    0.000000] smpboot: Allowing 2 CPUs, 0 hotplug CPUs
[    0.000000] PM: Registered nosave memory: [mem 0x00000000-0x00000fff]
[    0.000000] PM: Registered nosave memory: [mem 0x0009f000-0x0009ffff]
[    0.000000] PM: Registered nosave memory: [mem 0x000a0000-0x000effff]
[    0.000000] PM: Registered nosave memory: [mem 0x000f0000-0x000fffff]
[    0.000000] e820: [mem 0x40000000-0xfebfffff] available for PCI devices
[    0.000000] Booting paravirtualized kernel on KVM
[    0.000000] clocksource: refined-jiffies: mask: 0xffffffff max_cycles: 0xfffffff, max_idle_ns: 7645519600211568 ns
[    0.000000] setup_percpu: NR_CPUS:512 nr_cpumask_bits:512 nr_cpu_ids:2 nr_node_ids:1
[    0.000000] PERCPU: Embedded 33 pages/cpu @ffff88003fc00000 s95512 r8192 d31464 u1048576
[    0.000000] Built 1 zonelists in Node order, mobility grouping on.  Total pages: 257912
[    0.000000] Policy zone: DMA32
[    0.000000] Kernel command line: BOOT_IMAGE=/boot/vmlinuz-4.4.0-186-generic root=LABEL=cloudimg-rootfs ro console=tty1 console=ttyS0
[    0.000000] PID hash table entries: 4096 (order: 3, 32768 bytes)
[    0.000000] Memory: 997664K/1048120K available (8636K kernel code, 1337K rwdata, 4040K rodata, 1492K init, 1296K bss, 50456K reserved, 0K cma-reserved)
[    0.000000] SLUB: HWalign=64, Order=0-3, MinObjects=0, CPUs=2, Nodes=1
[    0.000000] Hierarchical RCU implementation.
[    0.000000] 	Buld-time adjustment of leaf fanout to 64.
[    0.000000] 	RCU restricting CPUs from NR_CPUS=512 to nr_cpu_ids=2.
[    0.000000] RCU: Adjusting geometry for rcu_fanout_leaf=64, nr_cpu_ids=2
[    0.000000] NR_IRQS:33024 nr_irqs:440 16
[    0.000000] Console: colour VGA+ 80x25
[    0.000000] console [tty1] enabled
[    0.000000] console [ttyS0] enabled
[    0.000000] tsc: Detected 3599.998 MHz processor
[    2.968053] Calibrating delay loop (skipped) preset value.. 7199.99 BogoMIPS (lpj=14399992)
[    3.006616] pid_max: default: 32768 minimum: 301
[    3.027989] ACPI: Core revision 20150930
[    3.046873] ACPI: 2 ACPI AML tables successfully acquired and loaded
[    3.076150] Security Framework initialized
[    3.095054] Yama: becoming mindful.
[    3.111225] AppArmor: AppArmor initialized
[    3.130126] Dentry cache hash table entries: 131072 (order: 8, 1048576 bytes)
[    3.163180] Inode-cache hash table entries: 65536 (order: 7, 524288 bytes)
[    3.226783] Mount-cache hash table entries: 2048 (order: 2, 16384 bytes)
[    3.257707] Mountpoint-cache hash table entries: 2048 (order: 2, 16384 bytes)
[    3.290985] Initializing cgroup subsys io
[    3.309474] Initializing cgroup subsys memory
[    3.329759] Initializing cgroup subsys devices
[    3.350212] Initializing cgroup subsys freezer
[    3.370707] Initializing cgroup subsys net_cls
[    3.391212] Initializing cgroup subsys perf_event
[    3.413035] Initializing cgroup subsys net_prio
[    3.439548] Initializing cgroup subsys hugetlb
[    3.460114] Initializing cgroup subsys pids
[    3.485097] mce: CPU supports 0 MCE banks
[    3.503973] Last level iTLB entries: 4KB 1024, 2MB 1024, 4MB 512
[    3.542162] Last level dTB entries: 4KB 1536, 2MB 1536, 4MB 768, 1GB 0
[    3.585470] Spectre V1 : Mitigation: usercopy/swapgs barriers and __user pointer sanitization
[    3.628896] Spectre V2 : Spectre mitigation: LFENCE not serializing, switching to generic retpoline
[    3.670633] Spectre V2 : Mitigation: Full generic retpoline
[    3.696344] Spectre V2 : Spectre v2 / SpectreRSB mitigation: Filling RSB on context switch
[    3.734493] Speculative Store Bypass: Mitigation: Speculative Store Bypass disabled via prctl and seccomp
[    3.773758] Freeing SMP alternatives memory: 36K
[    3.796760] ftrace: allocating 32334 entries in 127 pages
[    3.871371] smpboot: APIC(0) Converting physical 0 to logical package 0
[    3.897141] smpboot: Max logical packages: 1
[    3.914020] x2apic enabled
[    3.924989] Switched APIC routing to physical x2apic.
[    3.945511] ..TIMER: vector=0x30 apic1=0 pin1=2 apic2=-1 pin2=-1
[    4.077586] smpboot: CPU0: AMD Ryzen 5 2600X Six-Core Processor (family: 0x17, model: 0x8, stepping: 0x2)
[    4.115022] Performance Events: Broken PMU hardware detected, using software events only.
[    4.146975] Failed to access perfctr msr (MSR c0010007 is 0)
[    4.174698] KVM setup paravirtual spinlock
[    4.203441] x86: Booting SMP configuration:
[    4.220051] .... node  #0, CPUs:      #1
[    4.235139] kvm-clock: cpu 1, msr 0:3ffe3041, secondary cpu clock
[    4.265204] mce: CPU supports 0 MCE banks
[    4.282878] x86: Booted up 1 node, 2 CPUs
[    4.305750] smpboot: Total of 2 processors activated (14399.99 BogoMIPS)
[    4.339017] devtmpfs: initialized
[    4.355729] evm: security.selinux
[    4.371257] evm: security.SMACK64
[    4.386710] evm: security.SMACK64EXEC
[    4.404007] evm: security.SMACK64TRANSMUTE
[    4.423152] evm: security.SMACK64MMAP
[    4.440328] evm: security.ima
[    4.454016] evm: security.capability
[    4.471188] clocksource: jiffies: mask: 0xffffffff max_cycles: 0xffffffff, max_idle_ns: 7645041785100000 ns
[    4.516547] futex hash table entries: 512 (order: 3, 32768 bytes)
[    4.544926] pinctrl core: initialized pinctrl subsystem
[    4.569195] RTC time:  8:17:19, date: 07/31/20
[    4.629929] NET: Registered protocol family 16
[    4.671259] cpuidle: using governor ladder
[    4.708195] cpuidle: using governor menu
[    4.730054] PCCT header not found.
[    4.747861] ACPI: bus type PCI registered
[    4.766511] acpiphp: ACPI Hot Plug PCI Controller Driver version: 0.5
[    4.796444] PCI: Using configuration type 1 for base access
[    4.822401] PCI: Using configuration type 1 for extended access
[    4.864948] ACPI: Added _OSI(Module Device)
[    4.884742] ACPI: Added _OSI(Processor Device)
[    4.905564] ACPI: Added _OSI(3.0 _SCP Extensions)
[    4.927539] ACPI: Added _OSI(Processor Aggregator Device)
[    4.953030] ACPI: Executed 1 blocks of module-level executable AML code
[    4.985355] ACPI: Interpreter enabled
[    5.002401] ACPI: (supports S0 S5)
[    5.018349] ACPI: Using IOAPIC for interrupt routing
[    5.041481] PCI: Using host bridge windows from ACPI; if necessary, use "pci=nocrs" and report a bug
[    5.086752] ACPI: PCI Root Bridge [PCI0] (domain 0000 [bus 00-ff])
[    5.115585] acpi PNP0A03:00: _OSC: OS supports [ExtendedConfig ASPM ClockPM Segments MSI]
[    5.154344] acpi PNP0A03:00: _OSC: platform does not support [PCIeCapability]
[    5.187948] acpi PNP0A03:00: _OSC: not requesting control; platform does not support [PCIeCapability]
[    5.230919] acpi PNP0A03:00: _OSC: OS requested [PCIeHotplug PME AER PCIeCapability]
[    5.267212] acpi PNP0A03:00: _OSC: platform willing to grant [PCIeHotplug PME AER]
[    5.302704] acpi PNP0A03:00: _OSC failed (AE_SUPPORT); disabling ASPM
[    5.332966] PCI host bridge to bus 0000:00
[    5.352104] pci_bus 0000:00: root bus resource [io  0x0000-0x0cf7 window]
[    5.390645] pci_bus 0000:00: root bus resource [io  0x0d00-0xffff window]
[    5.422310] pci_bus 0000:00: root bus resource [mem 0x000a0000-0x000bffff window]
[    5.457211] pci_bus 0000:00: root bus resource [mem 0x40000000-0xfdffffff window]
[    5.492192] pci_bus 0000:00: root bus resource [bus 00-ff]
[    5.519427] pci 0000:00:01.1: legacy IDE quirk: reg 0x10: [io  0x01f0-0x01f7]
[    5.552803] pci 0000:00:01.1: legacy IDE quirk: reg 0x14: [io  0x03f6]
[    5.583060] pci 0000:00:01.1: legacy IDE quirk: reg 0x18: [io  0x0170-0x0177]
[    5.616198] pci 0000:00:01.1: legacy IDE quirk: reg 0x1c: [io  0x0376]
[    5.666768] pci 0000:00:07.0: quirk: [io  03f] claimed by PIIX4 ACPI
[    5.932346] pci 0000:00:07.0: quirk: [io  0x4100-0x410f] claimed by PIIX4 SMB
[    6.007322] ACPI: PCI Interrupt Link [LNKA] (IRQs 5 9 10 *11)
[    6.036989] ACPI: PCI Interrupt Link [LNKB] (IRQs 5 9 *10 11)
[    6.063627] ACPI: PCI Interrupt Link [LNKC] (IRQs 5 *9 10 11)
[    6.090612] ACPI: PCI Interrupt Link [LNKD] (IRQs 5 9 10 *11)
[    6.117420] ACPI: Enabled 2 GPEs in block 00 to 07
[    6.139775] vgaarb: setting as boot device: PCI:0000:00:02.0
[    6.166051] vgaarb: device added: PCI:0000:00:02.0,decodes=io+mem,owns=io+mem,locks=none
[    6.203829] vgaarb: loaded
[    6.216434] vgaarb: bridge control possible 0000:00:02.0
[    6.241315] SCSI subsystem initialized
[    6.258930] ACPI: bus type USB registered
[    6.277613] usbcore: registered new interface driver usbfs
[    6.303252] usbcore: registered new interface driver hub
[    6.327858] usbcore: registered new device driver usb
[    6.351368] PCI: Using ACPI for IRQ routing
[    6.371347] NetLabel: Initializing
[    6.387150] NetLabel:  domain hash size = 128
[    6.407416] NetLabel:  protocols = UNLABELED CIPSOv4
[    6.430300] NetLabel:  unlabeled traffic allowed by default
[    6.456407] amd_nb: Cannot enumerate AMD northbridges
[    6.480061] clocksource: Switched to clocksource kvm-clock
[    7.023373] AppArmor: AppArmor Filesystem Enabled
[    7.045477] pnp: PnP ACPI init
[    7.060160] pnp: PnP ACPI: found 3 devices
[    7.087919] clocksource: acpi_pm: mask: 0xffffff max_cycles: 0xffffff, max_idle_ns: 2085701024 ns
[    7.141936] NET: Registered protocol family 2
[    7.167351] TCP established hash table entries: 8192 (order: 4, 65536 bytes)
[    7.218091] TCP bind hash table entries: 8192 (order: 5, 131072 bytes)
[    7.250682] TCP: Hash tables configured (established 8192 bind 8192)
[    7.283420] UDP hash table entries: 512 (order: 2, 16384 bytes)
[    7.310855] UDP-Lite hash table entries: 512 (order: 2, 16384 bytes)
[    7.341255] NET: Registered protocol family 1
[    7.361463] pci 0000:00:00.0: Limiting direct PCI/PCI transfers
[    7.388859] pci 0000:00:01.0: Activating ISA DMA hang workarounds
[    7.417286] Unpacking initramfs...
[    7.621863] Freeing initrd memory: 14880K
[    7.640858] clocksource: tsc: mask: 0xffffffffffffffff max_cycles: 0x33e451ab1a6, max_idle_ns: 440795278720 ns
[    7.687300] platform rtc_cmos: registered platform RTC device (no PNP device found)
[    7.722997] Scanning for low memory corruption every 60 seconds
[    7.751065] audit: initializing netlink subsys (disabled)
[    7.776178] audit: type=2000 audit(1596183443.162:1): initialized
[    7.804709] Initialise system trusted keyring
[    7.825262] HugeTLB registered 2 MB page size, pre-allocated 0 pages
[    7.855780] zbud: loaded
[    7.867987] VFS: Disk quotas dquot_6.6.0
[    7.886404] VFS: Dquot-cache hash table entries: 512 (order 0, 4096 bytes)
[    7.918663] squashfs: version 4.0 (2009/01/31) Phillip Lougher
[    7.946058] fuse init (API version 7.23)
[    7.964651] Key type big_key registered
[    7.982640] Allocating IMA MOK and blacklist keyrings.
[    8.008929] Key type asymmetric registered
[    8.028112] Asymmetric key parser 'x509' registered
[    8.050960] Block layer SCSI generic (bsg) driver version 0.4 loaded (major 249)
[    8.085667] io scheduler noop registered
[    8.104075] io scheduler deadline registered (default)
[    8.128129] io scheduler cfq registered
[    8.146064] pci_hotplug: PCI Hot Plug PCI Core version: 0.5
[    8.171996] pciehp: PCI Express Hot Plug Controller Driver version: 0.4
[    8.202924] ACPI: AC Adapter [AC] (on-line)
[    8.222510] input: Power Button as /devices/LNXSYSTM:00/LNXPWRBN:00/input/input0
[    8.257101] ACPI: Power Button [PWRF]
[    8.274254] input: Sleep Button as /devices/LNXSYSTM:00/LNXSLPBN:00/input/input1
[    8.319974] ACP: Sleep Button [SLPF]
[    8.401346] GHES: HEST is not enabled!
[    8.419829] Serial: 8250/16550 driver, 32 ports, IRQ sharing enabled
[    8.473581] 00:02: ttyS0 at I/O 0x3f8 (irq = 4, base_baud = 115200) is a 16550A
[    8.510260] Linux agpgart interface v0.103
[    8.532726] loop: module loaded
[    8.548300] scsi host0: ata_piix
[    8.563744] scsi host1: ata_piix
[    8.578862] ata1: PATA max UDMA/33 cmd 0x1f0 ctl 0x3f6 bmdma 0xd000 irq 14
[    8.611204] ata2: PATA max UDMA/33 cmd 0x170 ctl 0x376 bmdma 0xd008 irq 15
[    8.643402] libphy: Fixed MDIO Bus: probed
[    8.674489] tun: Universal TUN/TAP device driver, 1.6
[    8.698229] tun: (C) 1999-2004 Max Krasnyansky <maxk@qualcomm.com>
[    8.727340] PPP generic driver version 2.4.2
[    8.747499] ehci_hcd: USB 2.0 'Enhanced' Host Controller (EHCI) Driver
[    8.778317] ehci-pci: EHCI PCI platform driver
[    8.799097] ehci-platform: EHCI generic platform driver
[    8.823720] ohci_hcd: USB 1.1 'Open' Host Controller (OHCI) Driver
[    8.852680] ohci-pci: OHCI PCI platform driver
[    8.873744] ohci-platform: OHCI generic platform driver
[    8.898264] uhci_hcd: USB Universal Host Controller Interface driver
[    8.928286] i8042: PNP: PS/2 Controller [PNP0303:PS2K,PNP0f03:PS2M] at 0x60,0x64 irq 1,12
[    8.967218] serio: i8042 KBD port at 0x60,0x64 irq 1
[    8.990538] serio: i8042 AUX port at 0x60,0x64 irq 12
[    9.014373] mousedev: PS/2 mouse device common for all mice
[    9.040806] input: AT Translated Set 2 keyboard as /devices/platform/i8042/serio0/input/input2
[    9.048597] rtc_cmos rtc_cmos: rtc core: registered rtc_cmos as rtc0
[    9.048647] rtc_cmos rtc_cmos: alarms up to one day, 114 bytes nvram
[    9.048652] i2c /dev entries driver
[    9.048688] device-mapper: uevent: version 1.0.3
[    9.048725] device-mapper: ioctl: 4.34.0-ioctl (2015-10-28) initialised: dm-devel@redhat.com
[    9.048737] ledtrig-cpu: registered to indicate activity on CPUs
[    9.048953] NET: Registered protocol family 10
[    9.049078] NET: Registered protocol family 17
[    9.049088] Key type dns_resolver registered
[    9.049248] registered taskstats version 1
[    9.049259] Loading compiled-in X.509 certificates
[    9.049689] Loaded X.509 cert 'Build time autogenerated kernel key: cef5e81496c0efa51b848ab539e845ddf31c08be'
[    9.049700] zswap: loaded using pool lzo/zbud
[    9.050717] Key type trusted registered
[    9.052364] Key type encrypted registered
[    9.052368] AppArmor: AppArmor sha1 policy hashing enabled
[    9.052370] ima: No TPM chip found, activating TPM-bypass!
[    9.052376] ima: Allocated hash algorithm: sha1
[    9.052385] evm: HMAC attrs: 0x1
[    9.052655]   Magic number: 12:901:271
[    9.081326] rtc_cmos rtc_cmos: setting system clock to 2020-07-31 08:17:23 UTC (1596183443)
[    9.081429] BIOS EDD facility v0.16 2004-Jun-25, 0 devices found
[    9.081429] EDD information not available.
[    9.678052] Freeing unused kernel memory: 1492K
[    9.708587] Write protecting the kernel read-only data: 14336k
[    9.738083] Freeing unused kernel memory: 1592K
[    9.766058] Freeing unused kernel memory: 56K
Loading, please wait...
starting version[    9.799580] random: systemd-udevd: uninitialized urandom read (16 bytes read, 5 bits of entropy available)
 229
[    9.845380] random: systemd-udevd: uninitialized urandom read (16 bytes read, 5 bits of entropy available)
[    9.845450] random: udevadm: uninitialized urandom read (16 bytes read, 5 bits of entropy available)
[    9.845468] random: udevadm: uninitialized urandom read (16 bytes read, 5 bits of entropy available)
[    9.852700] random: udevadm: uninitialized urandom read (16 bytes read, 5 bits of entropy available)
[    9.852737] random: udevadm: uninitialized urandom read (16 bytes read, 5 bits of entropy available)
[    9.852854] random: udevadm: uninitialized urandom read (16 bytes read, 5 bits of entropy available)
[    9.852897] random: udevadm: uninitialized urandom read (16 bytes read, 5 bits of entropy available)
[    9.852937] random: udevadm: uninitialized urandom read (16 bytes read, 5 bits of entropy available)
[    9.852977] random: udevadm: uninitialized urandom read (16 bytes read, 5 bits of entropy available)
[   10.265089] Fusion MPT base driver 3.04.20
[   10.281228] Copyright (c) 1999-2008 LSI Corporation
[   10.301961] e1000: Intel(R) PRO/1000 Network Driver - version 7.3.21-k8-NAPI
[   10.329368] e1000: Copyright (c) 1999-2006 Intel Corporation.
[   10.356776] Fusion MPT SPI Host driver 3.04.20
[   10.383561] AVX2 version of gcm_enc/dec engaged.
[   10.402497] AES CTR mode by8 optimization enabled
[   10.668045] input: ImExPS/2 Generic Explorer Mouse as /devices/platform/i8042/serio1/input/input4
[   10.757418] e1000 0000:00:03.0 eth0: (PCI:33MHz:32-bit) 02:e5:f9:b1:f5:c2
[   10.789341] e1000 0000:00:03.0 eth0: Intel(R) PRO/1000 Network Connection
[   11.741727] e1000 0000:00:08.0 eth1: (PCI:33MHz:32-bit) 08:00:27:33:86:d8
[   11.779645] e1000 0000:00:08.0 eth1: Intel(R) PRO/1000 Network Connection
[   11.814197] e1000 0000:00:03.0 enp0s3: renamed from eth0
[   11.828266] mptbase: ioc0: Initiating bringup
[   11.868524] e1000 0000:00:08.0 enp0s8: renamed from eth1
[   11.912546] ioc0: LSI53C1030 A0: Capabilities={Initiator}
[   12.101613] scsi host2: ioc0: LSI53C1030 A0, FwRev=00000000h, Ports=1, MaxQ=256, IRQ=20
[   12.261228] scsi 2:0:0:0: Direct-Access     VBOX     HARDDISK         1.0  PQ: 0 ANSI: 5
[   12.299444] scsi target2:0:0: Beginning Domain Validation
[   12.325379] scsi target2:0:0: Domain Validation skipping write tests
[   12.355155] scsi target2:0:0: Ending Domain Validation
[   12.379441] scsi target2:0:0: asynchronous
[   12.399053] scsi 2:0:1:0: Direct-Access     VBOX     HARDDISK         1.0  PQ: 0 ANSI: 5
[   12.437441] scsi target2:0:1: Beginning Domain Validation
[   12.463506] scsi target2:0:1: Domain Validation skipping write tests
[   12.495076] scsi target2:0:1: Ending Domain Validation
[   12.519309] scsi target2:0:1: asynchronous
[   12.569804] sd 2:0:0:0: [sda] 20971520 512-byte logical blocks: (10.7 GB/10.0 GiB)
[   12.606387] sd 2:0:0:0: Attached scsi generic sg0 type 0
[   12.606450] sd 2:0:0:0: [sda] Write Protect is off
[   12.606561] sd 2:0:0:0: [sda] Incomplete mode parameter data
[   12.606562] sd 2:0:0:0: [sda] Assuming drive cache: write through
[   12.607571]  sda: sda1
[   12.607925] sd 2:0:0:0: [sda] Attached SCSI disk
[   12.742886] sd 2:0:1:0: Attached scsi generic sg1 type 0
[   12.743020] sd 2:0:1:0: [sdb] 20480 512-byte logical blocks: (10.5 MB/10.0 MiB)
[   12.743150] sd 2:0:1:0: [sdb] Write Protect is off
[   12.743234] sd 2:0:1:0: [sdb] Incomplete mode parameter data
[   12.743235] sd 2:0:1:0: [sdb] Assuming drive cache: write through
[   12.746628] sd 2:0:1:0: [sdb] Attached SCSI disk
Begin: Loading essential drivers ... [   14.251306] md: linear personality registered for level -1
[   14.278882] md: multipath personality registered for level -4
[   14.307733] md: raid0 personality registered for level 0
[   14.335185] md: raid1 personality registered for level 1
[   14.428593] raid6: sse2x1   gen()  8033 MB/s
[   14.516089] raid6: sse2x1   xor()  7569 MB/s
[   14.600071] raid6: sse2x2   gen() 16033 MB/s
[   14.684079] raid6: sse2x2   xor() 10920 MB/s
[   14.768074] raid6: sse2x4   gen() 17407 MB/s
[   14.852071] raid6: sse2x4   xor()  9497 MB/s
[   14.936072] raid6: avx2x1   gen() 17291 MB/s
[   15.020072] raid6: avx2x2   gen() 23428 MB/s
[   15.112726] raid6: avx2x4   gen() 23708 MB/s
[   15.136839] raid6: using algorithm avx2x4 gen() 23708 MB/s
[   15.167283] raid6: using avx2x2 recovery algorithm
[   15.190582] xor: automatically using best checksumming function:
[   15.261144]    avx       : 15126.000 MB/sec
[   15.281728] async_tx: api initialized (async)
[   15.308714] md: raid6 personality registered for level 6
[   15.333930] md: raid5 personality registered for level 5
[   15.358924] md: raid4 personality registered for level 4
[   15.388641] md: raid10 personality registered for level 10
done.
Begin: Running /scripts/init-premount ... done.
Begin: Mounting root file system ... Begin: Running /scripts/local-top ... done.
Begin: Running /scripts/local-premount ... [   15.437542] Btrfs loaded
Scanning for Btrfs filesystems
done.
Warning: fsck not present, so skipping root file system
[   15.489943] EXT4-fs (sda1): mounted filesystem with ordered data mode. Opts: (null)
done.
Begin: Running /scripts/local-bottom ... done.
Begin: Running /scripts/init-bottom ... done.
[   16.300909] systemd[1]: systemd 229 running in system mode. (+PAM +AUDIT +SELINUX +IMA +APPARMOR +SMACK +SYSVINIT +UTMP +LIBCRYPTSETUP +GCRYPT +GNUTLS +ACL +XZ -LZ4 +SECCOMP +BLKID +ELFUTILS +KMOD -IDN)
[   16.406970] systemd[1]: Detected virtualization oracle.
[   16.431715] systemd[1]: Detected architecture x86-64.
[   16.455801] random: nonblocking pool is initialized

Welcome to [1mUbuntu 16.04.6 LTS[0m!

[   16.528760] systemd[1]: Set hostname to <ubuntu>.
[   16.597607] systemd[1]: Initializing machine ID from random generator.
[   16.629156] systemd[1]: Installed transient /etc/machine-id file.
[   17.350616] systemd[1]: Started Trigger resolvconf update for networkd DNS.
[[0;32m  OK  [0m] Started Trigger resolvconf update for networkd DNS.
[   17.389413] systemd[1]: Reached target Swap.
[[0;32m  OK  [0m] Reached target Swap.
[   17.424322] systemd[1]: Listening on udev Control Socket.
[[0;32m  OK  [0m] Listening on udev Control Socket.
[   17.473295] systemd[1]: Created slice System Slice.
[[0;32m  OK  [0m] Created slice System Slice.
[   17.504561] systemd[1]: Reached target User and Group Name Lookups.
[[0;32m  OK  [0m] Reached target User and Group Name Lookups.
[   17.541646] systemd[1]: Listening on Journal Socket.
[[0;32m  OK  [0m] Listening on Journal Socket.
[   17.588550] systemd[1]: Starting Nameserver information manager...
         Starting Nameserver information manager...
[   17.624861] systemd[1]: Mounting Debug File System...
         Mounting Debug File System...
[   17.657056] systemd[1]: Starting Create list of required static device nodes for the current kernel...
         Starting Create list of required st... nodes for the current kernel...
[   17.748323] systemd[1]: Starting Set console keymap...
         Starting Set console keymap...
[   17.780607] systemd[1]: Listening on Syslog Socket.
[[0;32m  OK  [0m] Listening on Syslog Socket.
[   17.812730] systemd[1]: Reached target Encrypted Volumes.
[[0;32m  OK  [0m] Reached target Encrypted Volumes.
[   17.861459] systemd[1]: Starting Remount Root and Kernel File Systems...
         Starting Remount Root and Kernel File Systems...
[   17.913454] EXT4-fs (sda1): re-mounted. Opts: (null)
[   17.950513] systemd[1]: Listening on LVM2 metadata daemon socket.
[[0;32m  OK  [0m] Listening on LVM2 metadata daemon socket.
[   17.988493] systemd[1]: Listening on LVM2 poll daemon socket.
[[0;32m  OK  [0m] Listening on LVM2 poll daemon socket.
[   18.036927] systemd[1]: Starting Uncomplicated firewall...
         Starting Uncomplicated firewall...
[   18.080983] systemd[1]: Listening on /dev/initctl Compatibility Named Pipe.
[[0;32m  OK  [0m] Listening on /dev/initctl Compatibility Named Pipe.
[   18.121205] systemd[1]: Created slice User and Session Slice.
[[0;32m  OK  [0m] Created slice User and Session Slice.
[   18.281596] systemd[1]: Reached target Slices.
[[0;32m  OK  [0m] Reached target Slices.
[   18.308853] systemd[1]: Started Forward Password Requests to Wall Directory Watch.
[[0;32m  OK  [0m] Started Forward Password Requests to Wall Directory Watch.
[   18.352849] systemd[1]: Listening on Device-mapper event daemon FIFOs.
[[0;32m  OK  [0m] Listening on Device-mapper event daemon FIFOs.
[   18.394087] systemd[1]: Created slice system-serial\x2dgetty.slice.
[[0;32m  OK  [0m] Created slice system-serial\x2dgetty.slice.
[   18.444537] systemd[1]: Mounting Huge Pages File System...
         Mounting Huge Pages File System...
[   18.476878] systemd[1]: Reached target System Time Synchronized.
[[0;32m  OK  [0m] Reached target System Time Synchronized.
[   18.524638] systemd[1]: Mounting POSIX Message Queue File System...
         Mounting POSIX Message Queue File System...
[   18.560874] systemd[1]: Listening on Journal Audit Socket.
[[0;32m  OK  [0m] Listening on Journal Audit Socket.
[   18.604823] systemd[1]: Listening on Journal Socket (/dev/log).
[[0;32m  OK  [0m] Listening on Journal Socket (/dev/log).
[   18.660475] systemd[1]: Starting Journal Service...
         Starting Journal Service...
[   18.704631] systemd[1]: Set up automount Arbitrary Executable File Formats File System Automount Point.
[[0;32m  OK  [0m] Set up automount Arbitrary Executab...ats File System Automount Point.
[   18.82451] systemd[1]: Starting Load Kernel Modules...
[   18.909127] Loading iSCSI transport class v2.0-870.
         Starting Load Kernel Modules...
[   18.967604] iscsi: registered transport (tcp)
[   18.992444] systemd[1]: Starting Monitoring of LVM2 mirrors, snapshots etc. using dmeventd or progress polling...
         Starting Monitoring of LVM2 mirrors... dmeventd or progress polling...
[   19.156565] systemd[1]: Listening on udev Kernel Socket.
[[0;32m  OK  [0m] Listening on udev Kernel Socket.
[   19.205868] iscsi: registered transport (iser)
[   19.237230] systemd[1]: Mounted POSIX Message Queue File System.
[[0;32m  OK  [0m] Mounted POSIX Message Queue File System.
[   19.272748] systemd[1]: Mounted Debug File System.
[[0;32m  OK  [0m] Mounted Debug File System.
[   19.304964] systemd[1]: Mounted Huge Pages File System.
[[0;32m  OK  [0m] Mounted Huge Pages File System.
[   19.337240] systemd[1]: Started Journal Service.
[[0;32m  OK  [0m] Started Journal Service.
[[0;32m  OK  [0m] Started Create list of required sta...ce nodes for the current kernel.
[[0;32m  OK  [0m] Started Set console keymap.
[[0;32m  OK  [0m] Started Remount Root and Kernel File Systems.
[[0;32m  OK  [0m] Started Uncomplicated firewall.
[[0;32m  OK  [0m] Started Load Kernel Modules.
[[0;32m  OK  [0m] Started Nameserver information manager.
[[0;32m  OK  [0m] Started LVM2 metadata daemon.
         Mounting FUSE Control File System...
         Starting Apply Kernel Variables...
         Starting udev Coldplug all Devices...
         Starting Load/Save Random Seed...
         Starting Create Static Device Nodes in /dev...
         Starting Flush Journal to Persistent Storage...
[[0;32m  OK  [0m] Mounted FUSE Control File System.
[[0;32m  OK  [0m] Started Apply Kernel Variables.
[[0;32m  OK  [0m] Started Load/Save Random Seed.
[[0;32m  OK  [0m] Started Create Static Device Nodes in /dev.
[[0;32m  OK  [0m] Started udev Coldplug all Devices.
[[0;32m  OK  [0m] Started Monitoring of LVM2 mirrors,...ng dmeventd or progress polling.
         Starting udev Kernel Device Manager...
[[0;32m  OK  [0m] Reached target Local File Systems (Pre).
[[0;32m  OK  [0m] Reached target Local File Systems.
         Starting Tell Plymouth To Write Out Runtime Data...
         Starting LSB: AppArmor initialization...
         Starting Commit a transient machine-id on disk...
         Starting Set console font and keymap...
         Starting Initial cloud-init job (pre-networking)...
[[0;32m  OK  [0m] Started udev Kernel Device Manager.
[[0;32m  OK  [0m] Started Tell Plymouth To Write Out Runtime Data.
[[0;32m  OK  [0m] Started Commit a transient machine-id on disk.
[[0;32m  OK  [0m] Started Flush Journal to Persistent Storage.
[[0;32m  OK  [0m] Found device /dev/ttyS0.
[[0;32m  OK  [0m] Listening on Load/Save RF Kill Switch Status /dev/rfkill Watch.
         Starting Create Volatile Files and Directories...
[[0;32m  OK  [0m] Started Dispatch Password Requests to Console Directory Watch.
[[0;32m  OK  [0m] Started Set console font and keymap.
[[0;32m  OK  [0m] Started Create Volatile Files and Directories.
         Starting Update UTMP about System Boot/Shutdown...
[[0;32m  OK  [0m] Created slice system-getty.slice.
[[0;32m  OK  [0m] Started Update UTMP about System Boot/Shutdown.
[[0;32m  OK  [0m] Started LSB: AppArmor initialization.
         Starting Load AppArmor profiles managed internally by snapd...
[[0;32m  OK  [0m] Started Load AppArmor profiles managed internally by snapd.
[   18.204709] cloud-init[492]: Cloud-init v. 20.2-45-g5f7825e2-0ubuntu1~16.04.1 running 'init-local' at Fri, 31 Jul 2020 08:17:37 +0000. Up 17.90 seconds.
[[0;32m  OK  [0m] Started Initial cloud-init job (pre-networking).
[[0;32m  OK  [0m] Reached target Network (Pre).
         Starting Raise network interfaces...
[[0;32m  OK  [0m] Started Raise network interfaces.
[[0;32m  OK  [0m] Reached target Network.
         Starting Initial cloud-init job (metadata service crawler)...
[   20.022233] cloud-init[958]: Cloud-init v. 20.2-45-g5f7825e2-0ubuntu1~16.04.1 running 'init' at Fri, 31 Jul 2020 08:17:38 +0000. Up 18.83 seconds.
[   20.032364] cloud-init[958]: ci-info: ++++++++++++++++++++++++++++++++++++++Net device info+++++++++++++++++++++++++++++++++++++++
[   20.045008] cloud-init[958]: ci-info: +--------+-------+----------------------------+---------------+--------+-------------------+
[   20.056727] cloud-init[958]: ci-info: | Device |   Up  |          Address           |      Mask     | Scope  |     Hw-Address    |
[   20.068362] cloud-init[958]: ci-info: +--------+-------+----------------------------+---------------+--------+-------------------+
[   20.112267] cloud-init[958]: ci-info: | enp0s3 |  True |         10.0.2.15          | 255.255.255.0 | global | 02:e5:f9:b1:f5:c2 |
[[0;32m  OK  [0m] Started Initial cloud-init job (metadata service crawler).
[   20.112370] cloud-init[958]: ci-info: | enp0s3 |  True | fe80::e5:f9ff:feb1:f5c2/64 |       .       |  link  | 02:e5:f9:b1:f5:c2 |
[   20.136676] cloud-init[958]: ci-info: | enp0s8 | False |             .              |       .       |   .    | 08:00:27:33:86:d8 |
[   20.136824] cloud-init[958]: ci-info: |   lo   |  True |         127.0.0.1          |   255.0.0.0   |  host  |         .         |
[[0;32m  OK  [0m] Reached target Network is Online.
[   20.136882] cloud-init[958]: ci-info: |   lo   |  True |          ::1/128           |       .       |  host  |         .         |
[   20.165439] cloud-init[958]: ci-info: +--------+-------+----------------------------+---------------+--------+-------------------+
[   20.165591] cloud-init[958]: ci-info: +++++++++++++++++++++++++++Route IPv4 info++++++++++++++++++++++++++++
         Starting iSCSI initiator daemon (iscsid)...
[[0;32m  OK  [0m] Reached target System Initialization.
[   20.165647] cloud-init[958]: ci-info: +-------+-------------+----------+---------------+-----------+-------+
[[0;32m  OK  [0m] Listening on ACPID Listen Socket.
[   20.220486] [cloud-init[0;32m  OK  [0m[958]: ] ci-info: | Route | Destination | Gateway  |    Genmask    | Interface | Flags |Listening on D-Bus System Message Bus Socket.

[   20.248476] cloud-init[958]: ci-info: +-------+-------------+----------+---------------+-----------+-------+
[   20.248586] cloud-init[958]: ci-info: |   0   |   0.0.0.0   | 10.0.2.2 |    0.0.0.0    |   enp0s3  |   UG  |
[[0;32m  OK  [0m] Started ACPI Events Check.
[[0;32m  OK  [0m] Reached target Paths.
[   20.248648] cloud-init[958]: ci-info: |   1   |   10.0.2.0  | 0.0.0.0  | 255.255.255.0 |   enp0s3  |   U   |
[   20.272918] cloud-init[958]: ci-info: +-------+-------------+----------+---------------+-----------+-------+
[   20.273030] cloud-init[958]: ci-info: +++++++++++++++++++Route IPv6 info+++++++++++++++++++
         Starting Socket activation for snappy daemon.
[   20.273113] cloud-init[958]: ci-info: +-------+-------------+---------+-----------+-------+
[   20.297259] cloud-init[958]: ci-info: | Route | Destination | Gateway | Interface | Flags |
[   20.297399] cloud-init[958]: ci-info: +-------+-------------+---------+-----------+-------+
         Starting LXD - unix socket.
[   20.297464] [cloud-init[0;32m  OK  [0m[958]: ] Started Daily apt download activities.ci-info: |   0   |  fe80::/64  |    ::   |   enp0s3  |   U   |

[[0;32m  OK  [0m] Started Daily Cleanup of Temporary Directories.
[   20.321971] cloud-init[958]: ci-info: |   3   |   ff00::/8  |    ::   |   enp0s3  |   U   |
[   20.334361] cloud-init[958]: ci-info: +-------+-------------+---------+-----------+-------+
[   20.334469] cloud-init[958]: Generating public/private rsa key pair.
[[0;32m  OK  [0m] Started Message of the Day.
[[0;32m  OK  [0m] Listening on UUID daemon activation socket.
[   20.334540] cloud-init[958]: Your identification has been saved in /etc/ssh/ssh_host_rsa_key.
[   20.356896] cloud-init[958]: Your public key has been saved in /etc/ssh/ssh_host_rsa_key.pub.
[   20.357023] cloud-init[958]: The key fingerprint is:
[[0;32m  OK  [0m] Started Daily apt upgrade and clean activities.
[[   20.357072] cloud-init[958]: SHA256:c0EDOmgwMt9QFXcOc1sAC/PUNlnp+EzoMRn9PfNSkxQ root@ubuntu-xenial
[0;32m  OK  [0m] Reached target Timers.
[[   20.368852] cloud-init[958]: The key's randomart image is:
[0;32m  OK  [0m] Reached target Cloud-config availability.
[   20.376603] cloud-init[958]: +---[RSA 2048]----+
[   20.396874] cloud-init[958]: |o +...=.B+*=o. E.|
[[0;32m  OK  [0m] Listening on Socket activation for snappy daemon.
[[0;32m  OK  [0m] Listening on LXD - unix socket.
[   20.404756] cloud-init[958]: | + = . B O*+o  . |
[[0;32m  OK  [0m] Reached target Sockets.
[[   20.460644] cloud-init[958]: |  . + o o.+B ....|
[0;32m  OK  [0m] Reached target Basic System.
[   20.497357] cloud-init[958]: |   .   .  *.o .=o|
[   20.520939] cloud-init[958]: |        S..*   .=|
[   20.532646] cloud-init[958]: |         o. o . .|
[   20.532784] cloud-init[958]: |               . |
[[0;32m  OK  [0m] Started ACPI event daemon.
[   20.532845] cloud-init[958]: |                 |
[   20.564877] cloud-init[958]: |                 |
[   20.572724] cloud-init[958]: +----[SHA256]-----+
[   20.572849] cloud-init[958]: Generating public/private dsa key pair.
[[0;32m  OK  [0m] Started Regular background program processing daemon.
[   20.572901] cloud-init[958]: Your identification has been saved in /etc/ssh/ssh_host_dsa_key.
[   20.721123] cloud-init[958]: Your public key has been saved in /etc/ssh/ssh_host_dsa_key.pub.
         [   20.721312] cloud-initStarting /etc/rc.local Compatibility...[958]: 
The key fingerprint is:
[   20.740686] cloud-init[958]: SHA256:+jr0+lpDD7ypE2eAdZmXYau5G5QrzZvEfdQmK3Qb5mU root@ubuntu-xenial
[   20.740825] cloud-init[958]: The key's randomart image is:
[[0;32m  OK  [0m] Started Deferred execution scheduler.
[   20.740888] cloud-init[958]: +---[DSA 1024]----+
[   20.760272] cloud-init[958]: |         ooo     |
[   20.769046] cloud-init[958]: |      . +.o.     |
[   20.769161] cloud-init[958]: |     o . ..      |
         Starting Accounts Service...
[   20.769235] cloud-init[958]: |    . .. +   .   |
[   20.940937]          cloud-initStarting LSB: MD monitoring daemon...[958]: 
|       .S . * E  |
[   20.961362]          cloud-initStarting LXD - container startup/shutdown...[958]: 
|      oBoX = O   |
[   21.016275] cloud-init[958]: |     .o=& + =    |
[   21.016432] cloud-init[958]: |      o*.* o     |
         Starting Virtualbox guest utils...
[   21.016502] cloud-init[958]: |      =B*        |
[   21.120201] cloud-init[958]: +----[SHA256]-----+
[[0;32m  OK  [0m] Started D-Bus System Message Bus.
[   21.120336] cloud-init[958]: Generating public/private ecdsa key pair.
[   21.176852] cloud-init[958]: Your identification has been saved in /etc/ssh/ssh_host_ecdsa_key.
[   21.196702] cloud-init[958]: Your public key has been saved in /etc/ssh/ssh_host_ecdsa_key.pub.
[   21.272206] cloud-init[958]: The key fingerprint is:
[   21.316330] cloud-init[958]: SHA256:Po6zAww8gUNmAf3lC6lrDINUxT2F0+R1HQZilqeR95A root@ubuntu-xenial
[   21.360289] cloud-init[958]: The key's randomart image is:
[   21.408254] cloud-init[958]: +---[ECDSA 256]---+
[   21.436465] cloud-init[958]: |+B. o.. =o =oo+o.|
[   21.484223] cloud-init[958]: |= o. ..=..++oE.. |
         Starting LSB: Record successful boot for GRUB...
[   21.484462] cloud-init[958]: | o.o +  o.  = o  |
[   21.589337]          cloud-initStarting Login Service...[958]: 
| .+ + .    .   . |
[   21.636307] cloud-init[958]: |o  = . .S        |
         Starting Pollinate to seed the pseudo random number generator...
[   21.636507] cloud-init[958]: |+ . o ..         |
[   21.717348] cloud-init[958]: | + . .  o        |
[   21.752897] [cloud-init[0;32m  OK  [0m[958]: ] |  +   oo .       |Started FUSE filesystem for LXC.

[   21.785144] cloud-init[958]: | .    o+.        |
[   21.785280] cloud-init[958]: +----[SHA256]-----+
         Starting System Logging Service...
[   21.785363] cloud-init[958]: Generating public/private ed25519 key pair.
[   21.888668]          cloud-initStarting Snap Daemon...[958]: 
Your identification has been saved in /etc/ssh/ssh_host_ed25519_key.
[   22.084885] cloud-init[958]: Your public key has been saved in /etc/ssh/ssh_host_ed25519_key.pub.
[   22.085109] cloud-init[958]: The key fingerprint is:
[[0;32m  OK  [0m] Started iSCSI initiator daemon (iscsid).
[   22.085194] cloud-init[958]: SHA256:3GUL7gFG94udpLiMbDruHq74R0Hn1rC6EJIf7CHEMgY root@ubuntu-xenial
[   22.508642] [cloud-init[0;32m  OK  [0m[958]: ] The key's randomart image is:Started /etc/rc.local Compatibility.

[   22.508809] cloud-init[958]: +--[ED25519 256]--+
[[0;32m  OK  [0m] Started LXD - container startup/shutdown.
[[0;32m  OK  [0m] Started System Logging Service.
[   22.746581] cloud-init[958]: |E       . .      |
[   23.061409] cloud-init[958]: |o+  . o. . .     |
         Starting Authenticate and Authorize Users to Run Privileged Tasks...
[   23.125144] cloud-init[958]: |++ . o +o . =           Starting Login to default iSCSI targets...
[   23.422752] cloud-init[958]: |+ = . +o.= O +   |
[   23.676917] cloud-init[958]: | = + +  S * =    |
[   23.677018] cloud-init[958]: |  + o. o o .     |
[[0;32m  OK  [0m] Started LSB: MD monitoring daemon.
[   23.677075] cloud-init[958]: |   o..+ o .      |
[   23.748223] cloud-init[958]: | . .++           |
[   23.748353] cloud-init[958]: |..o**.           |
[[0;32m  OK  [0m] Started LSB: Record successful boot for GRUB.
[   23.748411] cloud-init[958]: +----[SHA256]-----+
[[0;32m  OK  [0m] Started Virtualbox guest utils.
[[0;32m  OK  [0m] Started Pollinate to seed the pseudo random number generator.
[[0;32m  OK  [0m] Started Login Service.
[[0;32m  OK  [0m] Started Authenticate and Authorize Users to Run Privileged Tasks.
[[0;32m  OK  [0m] Started Accounts Service.
[[0;32m  OK  [0m] Started Unattended Upgrades Shutdown.
         Starting OpenBSD Secure Shell server...
[[0;32m  OK  [0m] Started OpenBSD Secure Shell server.
[[0;32m  OK  [0m] Started Login to default iSCSI targets.
[[0;32m  OK  [0m] Started Snap Daemon.
         Starting Wait until snapd is fully seeded...
[[0;32m  OK  [0m] Reached target Remote File Systems (Pre).
[[0;32m  OK  [0m] Reached target Remote File Systems.
         Starting Permit User Sessions...
         Starting LSB: automatic crash report generation...
         Starting LSB: daemon to balance interrupts for SMP systems...
         Starting LSB: Set the CPU Frequency Scaling governor to "ondemand"...
[[0;32m  OK  [0m] Started Wait until snapd is fully seeded.
[[0;32m  OK  [0m] Started Permit User Sessions.
         Starting Terminate Plymouth Boot Screen...
         Starting Hold until boot process finishes up...
         Starting Apply the settings specified in cloud-config...
[[0;32m  OK  [0m] Started LSB: automatic crash report generation.
[[0;32m  OK  [0m] Started LSB: daemon to balance interrupts for SMP systems.
[[0;32m  OK  [0m] Started LSB: Set the CPU Frequency Scaling governor to "ondemand".
[[0;32m  OK  [0m] Started Terminate Plymouth Boot Screen.
[[0;32m  OK  [0m] Started Hold until boot process finishes up.
[[0;32m  OK  [0m] Created slice User Slice of vagrant.
         Starting Set console scheme...
[[0;32m  OK  [0m] Started Serial Getty on ttyS0.
[[0;32m  OK  [0m] Started Getty on tty1.
[[0;32m  OK  [0m] Reached target Login Prompts.
[[0;32m  OK  [0m] Reached target Multi-User System.
[[0;32m  OK  [0m] Reached target Graphical Interface.
         Starting Update UTMP about System Runlevel Changes...
[[0;32m  OK  [0m] Started Set console scheme.
[[0;32m  OK  [0m] Started Update UTMP about System Runlevel Changes.
[[0;32m  OK  [0m] Started Session 1 of user vagrant.
         Starting User Manager for UID 1000...
[   25.524873] cloud-init[1300]: Generating locales (this might take a while)...
[[0;32m  OK  [0m] Started User Manager for UID 1000.
[   26.683594] cloud-init[1300]:   en_US.UTF-8... done
[   26.748593] cloud-init[1300]: Generation complete.
[   28.636864] cloud-init[1300]: Cloud-init v. 20.2-45-g5f7825e2-0ubuntu1~16.04.1 running 'modules:config' at Fri, 31 Jul 2020 08:17:45 +0000. Up 25.31 seconds.
[[0;32m  OK  [0m] Started Apply the settings specified in cloud-config.
         Starting Execute cloud user/final scripts...
ci-info: no authorized SSH keys fingerprints found for user ubuntu.
<14>Jul 31 08:17:49 ec2: 
<14>Jul 31 08:17:49 ec2: #############################################################
<14>Jul 31 08:17:49 ec2: -----BEGIN SSH HOST KEY FINGERPRINTS-----
<14>Jul 31 08:17:49 ec2: 1024 SHA256:+jr0+lpDD7ypE2eAdZmXYau5G5QrzZvEfdQmK3Qb5mU root@ubuntu-xenial (DSA)
<14>Jul 31 08:17:49 ec2: 256 SHA256:Po6zAww8gUNmAf3lC6lrDINUxT2F0+R1HQZilqeR95A root@ubuntu-xenial (ECDSA)
<14>Jul 31 08:17:49 ec2: 256 SHA256:3GUL7gFG94udpLiMbDruHq74R0Hn1rC6EJIf7CHEMgY root@ubuntu-xenial (ED25519)
<14>Jul 31 08:17:49 ec2: 2048 SHA256:c0EDOmgwMt9QFXcOc1sAC/PUNlnp+EzoMRn9PfNSkxQ root@ubuntu-xenial (RSA)
<14>Jul 31 08:17:49 ec2: -----END SSH HOST KEY FINGERPRINTS-----
<14>Jul 31 08:17:49 ec2: #############################################################
-----BEGIN SSH HOST KEY KEYS-----
ecdsa-sha2-nistp256 AAAAE2VjZHNhLXNoYTItbmlzdHAyNTYAAAAIbmlzdHAyNTYAAABBBK6UpfLDzr/d2DOR874pnEePgImCOsMPeLW3DGhH/HKNBFoiQzsoWIT3E9lPmUutKMZwdbkXAvqPRcr42NmPl2A= root@ubuntu-xenial
ssh-ed25519 AAAAC3NzaC1lZDI1NTE5AAAAICXsv55vw3rAjRDLR7U2+920bS4s5WFuAfeCPOpQ+JAY root@ubuntu-xenial
ssh-rsa AAAAB3NzaC1yc2EAAAADAQABAAABAQC8o4w+nsjY3oFqQ0VP9hCZzIdPPHlQk3PWAVBc4hno8Tts/+JSQknYpNVf+Myxz8RNJUhvwRbF9m/q4NvgUJ8mryC05nTdrWPos4x3yhPVFPJJt0Lzj0y172LLxPaO63R1tcVJ13yYufDfJSXW5t+s0XmXT9qry3X0Xa/U1tpirWulqHEAjMPiXKHXj2cDjOCIrC9CJ3lTQ1oyKjXrtwVLfoNDhj0Zh0q1zTWLMfmmhuO0e34Tyff4MlviWiAlBa/vZ+SDKIJ+URBD9QTEmSxA1rwk+AAEbF4vhDZ9JdEdSqbCZlnYHCf4mOExd3I/ExFWRm+Qc4i5h30NEcKwLqsd root@ubuntu-xenial
-----END SSH HOST KEY KEYS-----
[   29.185592] cloud-init[1538]: Cloud-init v. 20.2-45-g5f7825e2-0ubuntu1~16.04.1 running 'modules:final' at Fri, 31 Jul 2020 08:17:48 +0000. Up 28.91 seconds.
[   29.197248] cloud-init[1538]: ci-info: no authorized SSH keys fingerprints found for user ubuntu.
[   29.209105] cloud-init[1538]: Cloud-init v. 20.2-45-g5f7825e2-0ubuntu1~16.04.1 finished at Fri, 31 Jul 2020 08:17:49 +0000. Datasource DataSourceNoCloud [seed=/dev/sdb][dsmode=net].  Up 29.17 seconds
[[0;32m  OK  [0m] Started Execute cloud user/final scripts.
[[0;32m  OK  [0m] Reached target Cloud-init target.

Ubuntu 16.04.6 LTS ubuntu-xenial ttyS0

ubuntu-xenial login: 